2018/9/28 13:59:09: Version check failed without maintenance.
2018/9/28 13:59:09: Version/Date check failed.
2018/9/28 13:59:09: Versions: 24.20.0.30 <-> 25.20.0.72
2018/9/28 13:59:09: Dates: 1537856667 <-> 17774
2018/9/28 13:59:25: Converting license to trial: 30
2018/10/9 11:03:18: Online activation failed with result code: 100
2018/10/9 11:03:18: Deactivating offline.
2018/10/9 11:03:20: Converting license to trial: 0
2018/10/19 15:39:18: Online activation failed with result code: 100
2018/10/19 15:39:18: Deactivating offline.
2018/10/19 15:39:19: Converting license to trial: 0
2018/10/19 16:45:14: Deactivating offline.
2018/10/19 16:49:26: Deactivating offline.
2018/10/19 16:50:25: Deactivating offline.
2018/10/29 18:44:44: Online activation failed with result code: 100
2018/10/29 18:44:44: Deactivating offline.
2018/10/29 18:44:46: Converting license to trial: 0
2018/11/13 10:47:19: Online activation failed with result code: 100
2018/11/13 10:47:19: Deactivating offline.
2018/11/13 10:47:21: Converting license to trial: 0
2018/11/23 13:05:38: Online activation failed with result code: 100
2018/11/23 13:05:38: Deactivating offline.
2018/11/23 13:05:40: Converting license to trial: 0
