[2019/07/12, 19:27]: Detoured Scrollbars: 0.0000
[2019/07/12, 19:27]: Template Initialization: 0.0000
[2019/07/12, 19:27]: Initialize Common Controls: 0.0000
[2019/07/12, 19:27]: GdiPlus Startup: 0.0000
[2019/07/12, 19:27]: CBCGPEditListBox Initialization: 0.0000
[2019/07/12, 19:27]: Load Language Resources: 0.0000
[2019/07/12, 19:27]: Load INI File: 0.0160
[2019/07/12, 19:27]: Shell Integration Initialization: 0.0000
[2019/07/12, 19:27]: CEditFrame Initialization: 0.0000
[2019/07/12, 19:27]: ueView Initialization: 0.0000
[2019/07/12, 19:27]: Create CEditMain: 0.0150
[2019/07/12, 19:27]: Load Key Table: 0.0000
[2019/07/12, 19:27]: Executing CEditMain::OnGetMinMaxInfo: 0.0000
[2019/07/12, 19:27]: Executing CEditMain::RecalcLayout: 0.0000
[2019/07/12, 19:27]: Executing CEditMain::RecalcLayout: 0.0000
[2019/07/12, 19:27]: Executing CBCGPMDIFrameWnd::OnCreate: 0.0150
[2019/07/12, 19:27]: Executing CXeScrollbar::ClassInit: 0.0000
[2019/07/12, 19:27]: Executing CFTPInstancd::ClassInit: 0.0000
[2019/07/12, 19:27]: Create and setup application menubar: 0.0000
[2019/07/12, 19:27]: Executing CEditMain::RecalcLayout: 0.0000
[2019/07/12, 19:27]: Executing CEditMain::OnGetMinMaxInfo: 0.0000
[2019/07/12, 19:27]: Executing CEditMain::RecalcLayout: 0.0000
[2019/07/12, 19:27]: Executing CEditMain::OnGetMinMaxInfo: 0.0000
[2019/07/12, 19:27]: Executing CEditMain::RecalcLayout: 0.0000
[2019/07/12, 19:27]: Executing CEditMain::OnApplicationLook: 0.0160
[2019/07/12, 19:27]: Moving Templates: 0.0000
[2019/07/12, 19:27]: Block 1: 0.0000
[2019/07/12, 19:27]: Loading Wordfiles: 0.0620
[2019/07/12, 19:27]: Block 2: 0.0000
[2019/07/12, 19:27]: Executing CEditMain::InitFTP: 0.0160
[2019/07/12, 19:27]: Block 3: 0.0000
[2019/07/12, 19:27]: Executing CEditMain::UpdateColTable: 0.0000
[2019/07/12, 19:27]: Creating statusbar: 0.0000
[2019/07/12, 19:27]: Creating Main Window Tool Tip: 0.0000
[2019/07/12, 19:27]: Creating Main Window Tool Tip: 0.0000
[2019/07/12, 19:27]: Executing CEditMain::UpdateRibbonToolNamesAndIcons: 0.0000
[2019/07/12, 19:27]: Executing CEditMain::UserToolInit: 0.0000
[2019/07/12, 19:27]: Block 4: 0.0000
[2019/07/12, 19:27]: Executing CEditMain::SetToolbarIcons: 0.0620
[2019/07/12, 19:27]: Creating ImageLists: 0.0940
[2019/07/12, 19:27]: Executing CEditMain::EnableDocking: 0.0000
[2019/07/12, 19:27]: Executing CEditMain::UpdateToolsIcons: 0.0000
[2019/07/12, 19:27]: Executing CEditMain::UpdateHTMLIcons: 0.0000
[2019/07/12, 19:27]: Block A: 0.0000
[2019/07/12, 19:27]: Block B: 0.0000
[2019/07/12, 19:27]: Executing CEditMain::RecalcLayout: 0.0000
[2019/07/12, 19:27]: Block C: 0.0310
[2019/07/12, 19:27]: Block D: 0.0000
[2019/07/12, 19:27]: Block E: 0.0000
[2019/07/12, 19:27]: Block F: 0.0000
[2019/07/12, 19:27]: Block I: 0.0630
[2019/07/12, 19:27]: Executing CEditMain::RecalcLayout: 0.0160
[2019/07/12, 19:27]: Executing CEditMain::RecalcLayout: 0.0000
[2019/07/12, 19:27]: Block J: 0.0000
[2019/07/12, 19:27]: Executing CEditMain::SetToolbarIcons: 0.0000
[2019/07/12, 19:27]: Executing CEditMain::RecalcLayout: 0.0000
[2019/07/12, 19:27]: Executing CEditMain::RecalcLayout: 0.0000
[2019/07/12, 19:27]: Executing CEditMain::RecalcLayout: 0.0000
[2019/07/12, 19:27]: Executing CEditMain::RecalcLayout: 0.0000
[2019/07/12, 19:27]: Executing CEditMain::RecalcLayout: 0.0000
[2019/07/12, 19:27]: Executing CEditMain::RecalcLayout: 0.0000
[2019/07/12, 19:27]: Executing CEditMain::RecalcLayout: 0.0000
[2019/07/12, 19:27]: Executing CEditMain::RecalcLayout: 0.0150
[2019/07/12, 19:27]: Executing CEditMain::RecalcLayout: 0.0000
[2019/07/12, 19:27]: Executing CEditMain::RecalcLayout: 0.0000
[2019/07/12, 19:27]: Executing CEditMain::RecalcLayout: 0.0000
[2019/07/12, 19:27]: Executing CEditMain::RecalcLayout: 0.0000
[2019/07/12, 19:27]: Executing CEditMain::RecalcLayout: 0.0000
[2019/07/12, 19:27]: Executing CEditMain::RecalcLayout: 0.0000
[2019/07/12, 19:27]: Executing CEditMain::RecalcLayout: 0.0000
[2019/07/12, 19:27]: Executing CEditMain::RecalcLayout: 0.0000
[2019/07/12, 19:27]: Executing CEditMain::RecalcLayout: 0.0000
[2019/07/12, 19:27]: Executing CEditMain::RecalcLayout: 0.0000
[2019/07/12, 19:27]: Executing CEditMain::RecalcLayout: 0.0000
[2019/07/12, 19:27]: Executing CEditMain::RecalcLayout: 0.0000
[2019/07/12, 19:27]: Executing CEditMain::RecalcLayout: 0.0000
[2019/07/12, 19:27]: Executing CEditMain::RecalcLayout: 0.0000
[2019/07/12, 19:27]: Executing CEditMain::RecalcLayout: 0.0000
[2019/07/12, 19:27]: Executing CEditMain::RecalcLayout: 0.0000
[2019/07/12, 19:27]: Executing CEditMain::RecalcLayout: 0.0000
[2019/07/12, 19:27]: Executing CEditMain::RecalcLayout: 0.0000
[2019/07/12, 19:27]: Block K: 0.0620
[2019/07/12, 19:27]: Block M: 0.0000
[2019/07/12, 19:27]: Block N: 0.0000
[2019/07/12, 19:27]: Executing CEditMain::LoadRibbonBars: 0.2340
[2019/07/12, 19:27]: Executing CEditMain::UpdateRibbonToolNamesAndIcons: 0.0000
[2019/07/12, 19:27]: Block 5: 0.0000
[2019/07/12, 19:27]: Executing CEditMain::FinalInitialization: 0.0000
[2019/07/12, 19:27]: Block 6: 0.0160
[2019/07/12, 19:27]: Executing CEditMain::RecalcLayout: 0.0000
[2019/07/12, 19:27]: Executing CEditMain::RecalcLayout: 0.0000
[2019/07/12, 19:27]: Executing CEditMain::RecalcLayout: 0.0000
[2019/07/12, 19:27]: Executing CEditMain::RecalcLayout: 0.0000
[2019/07/12, 19:27]: Executing CEditMain::RecalcLayout: 0.0000
[2019/07/12, 19:27]: Executing CEditMain::RecalcLayout: 0.0000
[2019/07/12, 19:27]: Executing CEditMain::RecalcLayout: 0.0000
[2019/07/12, 19:27]: Creating Project Frame: 0.0460
[2019/07/12, 19:27]: Creating MDI File Tabs: 0.0000
[2019/07/12, 19:27]: Executing Function 1: 0.0000
[2019/07/12, 19:27]: Executing Function 1: 0.0000
[2019/07/12, 19:27]: Executing Function 1: 0.0000
[2019/07/12, 19:27]: Creating Output Window: 0.0470
[2019/07/12, 19:27]: Creating Function List: 0.0000
[2019/07/12, 19:27]: Creating Bookmark List: 0.0160
[2019/07/12, 19:27]: Creating Tag List: 0.0150
[2019/07/12, 19:27]: Creating Macro List: 0.0000
[2019/07/12, 19:27]: Creating Template List: 0.0000
[2019/07/12, 19:27]: Clipboard List: 0.0160
[2019/07/12, 19:27]: Creating ASCII Table: 0.0310
[2019/07/12, 19:27]: Creating Script List: 0.0000
[2019/07/12, 19:27]: Creating Telnet/SSH Window: 0.0000
[2019/07/12, 19:27]: Creating XML Manager: 0.0310
[2019/07/12, 19:27]: Creating List Lines Window: 0.0160
[2019/07/12, 19:27]: Executing CEditMain::InitializeFindOptions: 0.0000
[2019/07/12, 19:27]: Executing CEditMain::InitializeDockableFindWnd: 0.0000
[2019/07/12, 19:27]: Creating Panes: 0.2340
[2019/07/12, 19:27]: Block 7: 0.0460
[2019/07/12, 19:27]: Enabling Docking and Showing Panes: 0.0320
[2019/07/12, 19:27]: Block 8: 0.0000
[2019/07/12, 19:27]: Block 9: 0.0000
[2019/07/12, 19:27]: Executing CEditMain::DelayedInitialization: 0.0460
[2019/07/12, 19:27]: Block 9: 0.0000
[2019/07/12, 19:27]: Executing CEditMain::OnCreateSecondary: 0.8420
[2019/07/12, 19:27]: Docking menubar: 0.0000
[2019/07/12, 19:27]: Executing ues1set message: 0.0000
[2019/07/12, 19:27]: Executing CMFCVisualManagerIDMCustom::GetThemeList: 0.0000
[2019/07/12, 19:27]: Executing CMFCVisualManagerIDMCustom::LoadTheme: 0.0160
[2019/07/12, 19:27]: Executing CMFCVisualManagerIDMCustom::LoadTheme: 0.0160
[2019/07/12, 19:27]: Executing CEditMain::RecalcLayout: 0.0000
[2019/07/12, 19:27]: Executing CEditMain::RecalcLayout: 0.0000
[2019/07/12, 19:27]: Executing CEditMain::RecalcLayout: 0.0000
[2019/07/12, 19:27]: Executing CEditMain::RecalcLayout: 0.0000
[2019/07/12, 19:27]: Executing CEditMain::RecalcLayout: 0.0000
[2019/07/12, 19:27]: Executing CEditMain::RecalcLayout: 0.0000
[2019/07/12, 19:27]: Executing CEditMain::RecalcLayout: 0.0000
[2019/07/12, 19:27]: Executing CEditMain::RecalcLayout: 0.0000
[2019/07/12, 19:27]: Executing CEditMain::RecalcLayout: 0.0000
[2019/07/12, 19:27]: Executing CEditMain::RecalcLayout: 0.0000
[2019/07/12, 19:27]: Executing CEditMain::RecalcLayout: 0.0000
[2019/07/12, 19:27]: Executing CEditMain::RecalcLayout: 0.0000
[2019/07/12, 19:27]: Executing CEditMain::RecalcLayout: 0.0000
[2019/07/12, 19:27]: Executing CEditMain::RecalcLayout: 0.0000
[2019/07/12, 19:27]: Executing CEditMain::RecalcLayout: 0.0000
[2019/07/12, 19:27]: Executing CEditMain::RecalcLayout: 0.0000
[2019/07/12, 19:27]: Executing CEditMain::RecalcLayout: 0.0000
[2019/07/12, 19:27]: Executing CEditMain::RecalcLayout: 0.0000
[2019/07/12, 19:27]: Executing CEditMain::RecalcLayout: 0.0000
[2019/07/12, 19:27]: Executing CEditMain::RecalcLayout: 0.0000
[2019/07/12, 19:27]: Executing CEditMain::RecalcLayout: 0.0000
[2019/07/12, 19:27]: Executing CEditMain::RecalcLayout: 0.0000
[2019/07/12, 19:27]: Executing CEditMain::RecalcLayout: 0.0000
[2019/07/12, 19:27]: Executing CEditMain::RecalcLayout: 0.0000
[2019/07/12, 19:27]: Executing CEditMain::RecalcLayout: 0.0000
[2019/07/12, 19:27]: Executing CEditMain::RecalcLayout: 0.0000
[2019/07/12, 19:27]: Executing CEditMain::RecalcLayout: 0.0000
[2019/07/12, 19:27]: Executing CEditMain::RecalcLayout: 0.0000
[2019/07/12, 19:27]: Executing CEditMain::RecalcLayout: 0.0000
[2019/07/12, 19:27]: Executing CEditMain::RecalcLayout: 0.0000
[2019/07/12, 19:27]: Executing CEditMain::RecalcLayout: 0.0000
[2019/07/12, 19:27]: Executing CEditMain::RecalcLayout: 0.0000
[2019/07/12, 19:27]: Executing CEditMain::RecalcLayout: 0.0000
[2019/07/12, 19:27]: Executing CEditMain::RecalcLayout: 0.0000
[2019/07/12, 19:27]: Executing CEditMain::RecalcLayout: 0.0000
[2019/07/12, 19:27]: Executing CEditMain::RecalcLayout: 0.0000
[2019/07/12, 19:27]: Executing CEditMain::RecalcLayout: 0.0000
[2019/07/12, 19:27]: Executing CEditMain::RecalcLayout: 0.0000
[2019/07/12, 19:27]: Executing CEditMain::RecalcLayout: 0.0000
[2019/07/12, 19:27]: Executing CEditMain::RecalcLayout: 0.0000
[2019/07/12, 19:27]: Executing CEditMain::RecalcLayout: 0.0000
[2019/07/12, 19:27]: Executing CEditMain::RecalcLayout: 0.0000
[2019/07/12, 19:27]: Executing CEditMain::RecalcLayout: 0.0000
[2019/07/12, 19:27]: Executing CEditMain::RecalcLayout: 0.0000
[2019/07/12, 19:27]: Executing CEditMain::RecalcLayout: 0.0000
[2019/07/12, 19:27]: Executing CEditMain::RecalcLayout: 0.0000
[2019/07/12, 19:27]: Executing CEditMain::RecalcLayout: 0.0000
[2019/07/12, 19:27]: Executing CEditMain::RecalcLayout: 0.0000
[2019/07/12, 19:27]: Executing CEditMain::RecalcLayout: 0.0160
[2019/07/12, 19:27]: Executing CEditMain::OnApplicationLook: 0.4210
[2019/07/12, 19:27]: Executing CEditMain::ApplyTheme: 0.4680
[2019/07/12, 19:27]: Initializing themes: 0.4840
[2019/07/12, 19:27]: Executing CEditMain::OnCreate: 1.3570
[2019/07/12, 19:27]: Initializing Main Frame Window (CEditMain): 1.3730
[2019/07/12, 19:27]: SoftwareKey Initialization: 0.0160
[2019/07/12, 19:27]: Block A: 0.0000
[2019/07/12, 19:27]: Block B: 0.0000
[2019/07/12, 19:27]: Block C: 0.0000
[2019/07/12, 19:27]: Executing CEditMain::OnGetMinMaxInfo: 0.0000
[2019/07/12, 19:27]: Executing CEditMain::RecalcLayout: 0.0000
[2019/07/12, 19:27]: Executing CEditMain::OnGetMinMaxInfo: 0.0000
[2019/07/12, 19:27]: Executing CEditMain::OnGetMinMaxInfo: 0.0000
[2019/07/12, 19:27]: Executing CEditMain::RecalcLayout: 0.0000
[2019/07/12, 19:27]: Executing CEditMain::RecalcLayout: 0.0000
[2019/07/12, 19:27]: Executing CEditMain::RecalcLayout: 0.0000
[2019/07/12, 19:27]: Executing CEditMain::RecalcLayout: 0.0000
[2019/07/12, 19:27]: Executing CEditMain::RecalcLayout: 0.0000
[2019/07/12, 19:27]: Executing CEditMain::RecalcLayout: 0.0000
[2019/07/12, 19:27]: Executing CEditMain::RecalcLayout: 0.0150
[2019/07/12, 19:27]: Executing CEditMain::RecalcLayout: 0.0000
[2019/07/12, 19:27]: Executing CEditMain::RecalcLayout: 0.0000
[2019/07/12, 19:27]: Executing CEditMain::RecalcLayout: 0.0000
[2019/07/12, 19:27]: Executing CEditMain::RecalcLayout: 0.0000
[2019/07/12, 19:27]: Executing CEditMain::RecalcLayout: 0.0000
[2019/07/12, 19:27]: Executing CEditMain::RecalcLayout: 0.0000
[2019/07/12, 19:27]: Executing CEditMain::RecalcLayout: 0.0160
[2019/07/12, 19:27]: Executing CEditMain::SetWindowPlacement: 0.3430
[2019/07/12, 19:27]: Block D: 0.0000
[2019/07/12, 19:27]: Executing LDS phase 1: 0.0000
[2019/07/12, 19:27]: Executing CEditMain::RecalcLayout: 0.0000
[2019/07/12, 19:27]: Executing CEditMain::RecalcLayout: 0.0000
[2019/07/12, 19:27]: Executing CEditMain::RecalcLayout: 0.0000
[2019/07/12, 19:27]: Executing CEditMain::RecalcLayout: 0.0000
[2019/07/12, 19:27]: Executing CEditMain::RecalcLayout: 0.0000
[2019/07/12, 19:27]: Executing CEditMain::RecalcLayout: 0.0000
[2019/07/12, 19:27]: Executing CEditMain::RecalcLayout: 0.0000
[2019/07/12, 19:27]: Executing CEditMain::RecalcLayout: 0.0000
[2019/07/12, 19:27]: Executing CEditMain::RecalcLayout: 0.0000
[2019/07/12, 19:27]: Executing CEditMain::RecalcLayout: 0.0000
[2019/07/12, 19:27]: Executing CEditMain::RecalcLayout: 0.0000
[2019/07/12, 19:27]: Executing CEditMain::RecalcLayout: 0.0000
[2019/07/12, 19:27]: Executing CEditMain::RecalcLayout: 0.0000
[2019/07/12, 19:27]: Executing CEditMain::RecalcLayout: 0.0000
[2019/07/12, 19:27]: Executing CEditMain::RecalcLayout: 0.0000
[2019/07/12, 19:27]: Executing CEditMain::RecalcLayout: 0.0000
[2019/07/12, 19:27]: Executing CEditMain::RecalcLayout: 0.0000
[2019/07/12, 19:27]: Executing CEditMain::RecalcLayout: 0.0000
[2019/07/12, 19:27]: Executing CEditMain::RecalcLayout: 0.0000
[2019/07/12, 19:27]: Executing CEditMain::RecalcLayout: 0.0000
[2019/07/12, 19:27]: Executing CEditMain::RecalcLayout: 0.0000
[2019/07/12, 19:27]: Executing CEditMain::RecalcLayout: 0.0000
[2019/07/12, 19:27]: Executing CEditMain::RecalcLayout: 0.0000
[2019/07/12, 19:27]: Executing CEditMain::RecalcLayout: 0.0000
[2019/07/12, 19:27]: Executing CEditMain::RecalcLayout: 0.0000
[2019/07/12, 19:27]: Executing CEditMain::RecalcLayout: 0.0000
[2019/07/12, 19:27]: Executing CEditMain::RecalcLayout: 0.0000
[2019/07/12, 19:27]: Executing CEditMain::RecalcLayout: 0.0000
[2019/07/12, 19:27]: Executing CEditMain::RecalcLayout: 0.0000
[2019/07/12, 19:27]: Executing CEditMain::RecalcLayout: 0.0000
[2019/07/12, 19:27]: Executing CEditMain::RecalcLayout: 0.0000
[2019/07/12, 19:27]: Executing CEditMain::RecalcLayout: 0.0000
[2019/07/12, 19:27]: Executing CEditMain::RecalcLayout: 0.0000
[2019/07/12, 19:27]: Executing CEditMain::RecalcLayout: 0.0000
[2019/07/12, 19:27]: Executing CEditMain::RecalcLayout: 0.0000
[2019/07/12, 19:27]: Executing CEditMan::LoadToolBarState: 0.0780
[2019/07/12, 19:27]: Executing CEditMain::RecalcLayout: 0.0000
[2019/07/12, 19:27]: Executing CEditMain::RecalcLayout: 0.0000
[2019/07/12, 19:27]: Executing CEditMain::RecalcLayout: 0.0000
[2019/07/12, 19:27]: Executing CEditMain::RecalcLayout: 0.0000
[2019/07/12, 19:27]: Executing CEditMain::RecalcLayout: 0.0000
[2019/07/12, 19:27]: Executing CEditMain::RecalcLayout: 0.0000
[2019/07/12, 19:27]: Executing CEditMain::RecalcLayout: 0.0000
[2019/07/12, 19:27]: Executing CEditMain::LoadMenuBarState: 0.0000
[2019/07/12, 19:27]: Executing CBCGPDockManager::LoadState: 0.0310
[2019/07/12, 19:27]: Executing LDS phase 2: 0.1090
[2019/07/12, 19:27]: Block A: 0.0000
[2019/07/12, 19:27]: Block B: 0.0000
[2019/07/12, 19:27]: Block C: 0.0000
[2019/07/12, 19:27]: Block D: 0.0000
[2019/07/12, 19:27]: Block E: 0.0160
[2019/07/12, 19:27]: Block F: 0.0000
[2019/07/12, 19:27]: Block G: 0.0000
[2019/07/12, 19:27]: Block H: 0.0620
[2019/07/12, 19:27]: Block I: 0.0000
[2019/07/12, 19:27]: Block J: 0.1090
[2019/07/12, 19:27]: Block K: 0.0000
[2019/07/12, 19:27]: Block L: 0.0000
[2019/07/12, 19:27]: Block M: 0.0000
[2019/07/12, 19:27]: Block N: 0.0000
[2019/07/12, 19:27]: Block O: 0.0000
[2019/07/12, 19:27]: Executing CEditMain::RecalcLayout: 0.0000
[2019/07/12, 19:27]: Executing CEditMain::RecalcLayout: 0.0000
[2019/07/12, 19:27]: Executing CEditMain::RecalcLayout: 0.0000
[2019/07/12, 19:27]: Executing CEditMain::RecalcLayout: 0.0000
[2019/07/12, 19:27]: Executing CEditMain::RecalcLayout: 0.0000
[2019/07/12, 19:27]: Executing CEditMain::RecalcLayout: 0.0000
[2019/07/12, 19:27]: Block P: 0.0150
[2019/07/12, 19:27]: Executing CBCGPDockManager::SetDockState: 0.2180
[2019/07/12, 19:27]: Executing CEditMain::RecalcLayout: 0.0000
[2019/07/12, 19:27]: Executing CEditMain::RecalcLayout: 0.0000
[2019/07/12, 19:27]: Executing CEditMain::RecalcLayout: 0.0000
[2019/07/12, 19:27]: Executing CEditMain::RecalcLayout: 0.0000
[2019/07/12, 19:27]: Executing CEditMain::RecalcLayout: 0.0000
[2019/07/12, 19:27]: Executing CEditMain::RecalcLayout: 0.0000
[2019/07/12, 19:27]: Executing CEditMain::RecalcLayout: 0.0000
[2019/07/12, 19:27]: Executing LDS phase 3: 0.2180
[2019/07/12, 19:27]: Executing CEditMain::RecalcLayout: 0.0000
[2019/07/12, 19:27]: Executing CEditMain::RecalcLayout: 0.0000
[2019/07/12, 19:27]: Executing CEditMain::RecalcLayout: 0.0000
[2019/07/12, 19:27]: Executing CEditMain::RecalcLayout: 0.0000
[2019/07/12, 19:27]: Executing CEditMain::RecalcLayout: 0.0000
[2019/07/12, 19:27]: Executing CEditMain::RecalcLayout: 0.0000
[2019/07/12, 19:27]: Executing CEditMain::RecalcLayout: 0.0000
[2019/07/12, 19:27]: Executing CEditMain::RecalcLayout: 0.0000
[2019/07/12, 19:27]: Executing CEditMain::RecalcLayout: 0.0000
[2019/07/12, 19:27]: Executing CEditMain::RecalcLayout: 0.0000
[2019/07/12, 19:27]: Executing CEditMain::RecalcLayout: 0.0000
[2019/07/12, 19:27]: Executing CEditMain::RecalcLayout: 0.0000
[2019/07/12, 19:27]: Executing CEditMain::RecalcLayout: 0.0000
[2019/07/12, 19:27]: Executing CEditMain::RecalcLayout: 0.0000
[2019/07/12, 19:27]: Executing LDS phase 4: 0.0160
[2019/07/12, 19:27]: Executing LDS phase 5: 0.3430
[2019/07/12, 19:27]: Executing CEditMain::RecalcLayout: 0.0000
[2019/07/12, 19:27]: Executing CEditMain::RecalcLayout: 0.0000
[2019/07/12, 19:27]: Executing CEditMain::RecalcLayout: 0.0000
[2019/07/12, 19:27]: Executing CEditMain::RecalcLayout: 0.0000
[2019/07/12, 19:27]: Executing CEditMain::RecalcLayout: 0.0000
[2019/07/12, 19:27]: Executing CEditMain::RecalcLayout: 0.0000
[2019/07/12, 19:27]: Executing CEditMain::RecalcLayout: 0.0000
[2019/07/12, 19:27]: Executing LDS phase 6: 0.0000
[2019/07/12, 19:27]: Executing CEditMain::LoadDockState: 0.3590
[2019/07/12, 19:27]: Executing CEditMain::RecalcLayout: 0.0000
[2019/07/12, 19:27]: Executing CEditMain::RecalcLayout: 0.0000
[2019/07/12, 19:27]: Executing CEditMain::RecalcLayout: 0.0000
[2019/07/12, 19:27]: Executing CEditMain::RecalcLayout: 0.0000
[2019/07/12, 19:27]: Executing CEditMain::RecalcLayout: 0.0000
[2019/07/12, 19:27]: Executing CEditMain::RecalcLayout: 0.0000
[2019/07/12, 19:27]: Executing CEditMain::RecalcLayout: 0.0160
[2019/07/12, 19:27]: Executing CEditMain::OnGetMinMaxInfo: 0.0000
[2019/07/12, 19:27]: Executing CEditMain::RecalcLayout: 0.0000
[2019/07/12, 19:27]: Executing CEditMain::RecalcLayout: 0.0000
[2019/07/12, 19:27]: Executing CEditMain::RecalcLayout: 0.0000
[2019/07/12, 19:27]: Executing CEditMain::RecalcLayout: 0.0000
[2019/07/12, 19:27]: Executing CEditMain::RecalcLayout: 0.0000
[2019/07/12, 19:27]: Executing CEditMain::RecalcLayout: 0.0000
[2019/07/12, 19:27]: Executing CEditMain::RecalcLayout: 0.0000
[2019/07/12, 19:27]: Executing CEditMain::RecalcLayout: 0.0000
[2019/07/12, 19:27]: Executing CEditMain::RecalcLayout: 0.0000
[2019/07/12, 19:27]: Executing CEditMain::RecalcLayout: 0.0000
[2019/07/12, 19:27]: Executing CEditMain::RecalcLayout: 0.0000
[2019/07/12, 19:27]: Executing CEditMain::RecalcLayout: 0.0000
[2019/07/12, 19:27]: Executing CEditMain::RecalcLayout: 0.0000
[2019/07/12, 19:27]: Executing CEditMain::RecalcLayout: 0.0000
[2019/07/12, 19:27]: Executing CEditMain::OnGetMinMaxInfo: 0.0000
[2019/07/12, 19:27]: Block E: 0.4210
[2019/07/12, 19:27]: Executing CEditMain::InitialShowWindow: 0.7640
[2019/07/12, 19:27]: Executing CEditMain::RecalcLayout: 0.0000
[2019/07/12, 19:27]: Executing CEditMain::RecalcLayout: 0.0000
[2019/07/12, 19:27]: Executing CEditMain::RecalcLayout: 0.0000
[2019/07/12, 19:27]: Executing CEditMain::RecalcLayout: 0.0000
[2019/07/12, 19:27]: Executing CEditMain::RecalcLayout: 0.0000
[2019/07/12, 19:27]: Executing CEditMain::RecalcLayout: 0.0000
[2019/07/12, 19:27]: Executing CEditMain::RecalcLayout: 0.0000
[2019/07/12, 19:27]: Forcing Window Update: 0.0160
[2019/07/12, 19:27]: Recently Closed Files List: 0.0000
[2019/07/12, 19:27]: Unknown startup item: 0.0160
[2019/07/12, 19:27]: Restoring Toolbar Layout: 0.0000
[2019/07/12, 19:27]: OpenFile 5: 0.0000
[2019/07/12, 19:27]: OpenFile 3: 0.0000
[2019/07/12, 19:27]: Executing CEditMain::QodBlock: 0.0000
[2019/07/12, 19:27]: Executing CEditMain::OnOpenDocQod: 0.0000
[2019/07/12, 19:27]: OpenFile 2: 0.0000
[2019/07/12, 19:27]: OpenFile 1: 0.0000
[2019/07/12, 19:27]: Executing CEditMain::RecalcLayout: 0.0000
[2019/07/12, 19:27]: Executing CEditMain::RecalcLayout: 0.0000
[2019/07/12, 19:27]: Executing CEditMain::RecalcLayout: 0.0000
[2019/07/12, 19:27]: Executing CEditMain::RecalcLayout: 0.0000
[2019/07/12, 19:27]: Executing CEditMain::RecalcLayout: 0.0000
[2019/07/12, 19:27]: Executing CEditMain::RecalcLayout: 0.0000
[2019/07/12, 19:27]: Executing CEditMain::RecalcLayout: 0.0000
[2019/07/12, 19:27]: Executing CEditMain::UpdateOpenWindowText: 0.0000
[2019/07/12, 19:27]: Executing CEditMain::QodBlock: 0.0000
[2019/07/12, 19:27]: Executing CEditMain::OnOpenDocQod: 0.0150
[2019/07/12, 19:27]: Executing Function 3: 0.0000
[2019/07/12, 19:27]: OpenFile 5: 0.0000
[2019/07/12, 19:27]: OpenFile 7: 0.0000
[2019/07/12, 19:27]: OpenFile 8: 0.0000
[2019/07/12, 19:27]: OpenFile 4: 0.0150
[2019/07/12, 19:27]: Executing CEditApp::LoadFiles: 0.0150
[2019/07/12, 19:27]: Executing CUESMultiDocTemplate::CreateNewDocument: 0.0000
[2019/07/12, 19:27]: Block 1: 0.0000
[2019/07/12, 19:27]: Excecuting CMDILazyFrame::GetIconWndClass: 0.0000
[2019/07/12, 19:27]: Executing CEditMain::RecalcLayout: 0.0000
[2019/07/12, 19:27]: Executing CEditMain::RecalcLayout: 0.0000
[2019/07/12, 19:27]: Executing CEditMain::RecalcLayout: 0.0000
[2019/07/12, 19:27]: Executing CEditMain::RecalcLayout: 0.0000
[2019/07/12, 19:27]: Executing CEditMain::RecalcLayout: 0.0000
[2019/07/12, 19:27]: Executing CEditMain::RecalcLayout: 0.0000
[2019/07/12, 19:27]: Executing CEditMain::RecalcLayout: 0.0000
[2019/07/12, 19:27]: Block 1: 0.0000
[2019/07/12, 19:27]: Executing CMDILazyView::CMDILazyView: 0.0000
[2019/07/12, 19:27]: Executing ueView::PreCreateWindow: 0.0000
[2019/07/12, 19:27]: Executing CEditFrame::OnUpdateFrameTitle: 0.0000
[2019/07/12, 19:27]: Executing CDocument::UpdateFrameCounts: 0.0000
[2019/07/12, 19:27]: Executing ueView::OnCreate: 0.0000
[2019/07/12, 19:27]: Block 8: 0.0000
[2019/07/12, 19:27]: Executing Function 2: 0.0150
[2019/07/12, 19:27]: Excecuting CUESplitter::CreateView: 0.0150
[2019/07/12, 19:27]: Excecuting CUESplitter::Create: 0.0150
[2019/07/12, 19:27]: Excecuting CEditFrame::OnCreateClient: 0.0150
[2019/07/12, 19:27]: Block 6: 0.0150
[2019/07/12, 19:27]: Block 7: 0.0000
[2019/07/12, 19:27]: Excecuting CMDILazyFrame::OnCreate: 0.0150
[2019/07/12, 19:27]: Block 2: 0.0150
[2019/07/12, 19:27]: Excecuting CMDILazyFrame::Create: 0.0310
[2019/07/12, 19:27]: Excecuting CMDILazyFrame::LoadFrame: 0.0310
[2019/07/12, 19:27]: Executing CUESMultiDocTemplate::CreateNewFrame: 0.0310
[2019/07/12, 19:27]: Executing CEditFrame::OnUpdateFrameTitle: 0.0000
[2019/07/12, 19:27]: Executing CDocument::UpdateFrameCounts: 0.0000
[2019/07/12, 19:27]: Executing Function 1: 0.0000
[2019/07/12, 19:27]: Executing CDocument::OnNewDocument: 0.0000
[2019/07/12, 19:27]: Executing CEditMain::UpdateOpenWindowText: 0.0000
[2019/07/12, 19:27]: Executing CEditFrame::OnUpdateFrameTitle: 0.0000
[2019/07/12, 19:27]: Executing Function 2: 0.0000
[2019/07/12, 19:27]: Excecuting CMDILazyFrame::OnMDIActivate: 0.0000
[2019/07/12, 19:27]: Executing CEditFrame::OnUpdateFrameTitle: 0.0000
[2019/07/12, 19:27]: Executing CDocument::UpdateFrameCounts: 0.0000
[2019/07/12, 19:27]: Executing CEditFrame::OnUpdateFrameTitle: 0.0000
[2019/07/12, 19:27]: Executing CEditMain::RecalcLayout: 0.0000
[2019/07/12, 19:27]: Executing CEditMain::RecalcLayout: 0.0000
[2019/07/12, 19:27]: Executing CEditMain::RecalcLayout: 0.0000
[2019/07/12, 19:27]: Executing CEditMain::RecalcLayout: 0.0000
[2019/07/12, 19:27]: Executing CEditMain::RecalcLayout: 0.0000
[2019/07/12, 19:27]: Executing CEditMain::RecalcLayout: 0.0000
[2019/07/12, 19:27]: Executing CEditMain::RecalcLayout: 0.0000
[2019/07/12, 19:27]: Executing CUESMultiDocTemplate::OpenDocumentFile: 0.0940
[2019/07/12, 19:27]: Executing CEditApp::OnFileNew: 0.0940
[2019/07/12, 19:27]: Closing INI: 0.0310
[2019/07/12, 19:27]: Show Document Map: 0.0000
[2019/07/12, 19:27]: Application Initialization: 2.4020
[2019/07/12, 19:27]: Executing Function 1: 0.0000
[2019/07/12, 19:27]: Executing CEditMain::UpdateOpenWindowText: 0.0000
[2019/07/12, 19:27]: Executing CEditMain::UpdateOpenWindowText: 0.0000
[2019/07/12, 19:27]: Executing CEditMain::RecalcLayout: 0.0000
[2019/07/12, 19:27]: Executing CEditMain::RecalcLayout: 0.0000
[2019/07/12, 19:27]: Executing CEditMain::RecalcLayout: 0.0000
[2019/07/12, 19:27]: Executing CEditMain::RecalcLayout: 0.0000
[2019/07/12, 19:27]: Executing CEditMain::RecalcLayout: 0.0000
[2019/07/12, 19:27]: Executing CEditMain::RecalcLayout: 0.0000
[2019/07/12, 19:27]: Executing CEditMain::RecalcLayout: 0.0000
[2019/07/12, 19:27]: Executing CEditFrame::OnUpdateFrameTitle: 0.0160
[2019/07/12, 19:27]: Executing CDocument::UpdateFrameCounts: 0.0160
[2019/07/12, 19:27]: Executing CEditMain::RecalcLayout: 0.0000
[2019/07/12, 19:27]: Executing CEditMain::RecalcLayout: 0.0000
[2019/07/12, 19:27]: Executing CEditMain::RecalcLayout: 0.0000
[2019/07/12, 19:27]: Executing CEditMain::RecalcLayout: 0.0000
[2019/07/12, 19:27]: Executing CEditMain::RecalcLayout: 0.0000
[2019/07/12, 19:27]: Executing CEditMain::RecalcLayout: 0.0000
[2019/07/12, 19:27]: Executing CEditMain::RecalcLayout: 0.0000
[2019/07/12, 19:27]: Executing CEditFrame::OnUpdateFrameTitle: 0.0000
[2019/07/12, 19:27]: Excecuting CMDILazyFrame::OnMDIActivate: 0.0000
[2019/07/12, 19:27]: Executing CDocument::UpdateFrameCounts: 0.0000
[2019/07/12, 19:27]: Executing CEditMain::OnGetMinMaxInfo: 0.0000
[2019/07/12, 19:37]: Child Windows = 0
[2019/07/12, 19:46]: Child Windows = 0
[2019/07/12, 19:46]: Executing CEditMain::OnGetMinMaxInfo: 0.0000
[2019/07/12, 19:46]: Executing CEditMain::RecalcLayout: 0.0000
[2019/07/12, 19:46]: Executing CEditMain::RecalcLayout: 0.0000
[2019/07/12, 19:46]: Executing CEditMain::RecalcLayout: 0.0000
[2019/07/12, 19:46]: Executing CEditMain::RecalcLayout: 0.0000
[2019/07/12, 19:46]: Executing CEditMain::RecalcLayout: 0.0000
[2019/07/12, 19:46]: Executing CEditMain::RecalcLayout: 0.0000
[2019/07/12, 19:46]: Executing CEditMain::RecalcLayout: 0.0000
[2019/07/12, 19:46]: Executing CEditMain::RecalcLayout: 0.0000
[2019/07/12, 19:46]: Executing CEditMain::RecalcLayout: 0.0000
[2019/07/12, 19:46]: Executing CEditMain::RecalcLayout: 0.0000
[2019/07/12, 19:46]: Executing CEditMain::RecalcLayout: 0.0000
[2019/07/12, 19:46]: Executing CEditMain::RecalcLayout: 0.0000
[2019/07/12, 19:46]: Executing CEditMain::RecalcLayout: 0.0000
[2019/07/12, 19:46]: Executing CEditMain::RecalcLayout: 0.0000
[2019/07/12, 19:46]: Executing CEditMain::OnGetMinMaxInfo: 0.0000
[2019/07/12, 19:46]: Executing CEditMain::RecalcLayout: 0.0000
[2019/07/12, 19:46]: Executing CEditMain::RecalcLayout: 0.0000
[2019/07/12, 19:46]: Executing CEditMain::RecalcLayout: 0.0000
[2019/07/12, 19:46]: Executing CEditMain::RecalcLayout: 0.0000
[2019/07/12, 19:46]: Executing CEditMain::RecalcLayout: 0.0000
[2019/07/12, 19:46]: Executing CEditMain::RecalcLayout: 0.0000
[2019/07/12, 19:46]: Executing CEditMain::RecalcLayout: 0.0630
[2019/07/12, 19:46]: Executing CEditMain::RecalcLayout: 0.0000
[2019/07/12, 19:46]: Executing CEditMain::RecalcLayout: 0.0000
[2019/07/12, 19:46]: Executing CEditMain::RecalcLayout: 0.0000
[2019/07/12, 19:46]: Executing CEditMain::RecalcLayout: 0.0000
[2019/07/12, 19:46]: Executing CEditMain::RecalcLayout: 0.0000
[2019/07/12, 19:46]: Executing CEditMain::RecalcLayout: 0.0000
[2019/07/12, 19:46]: Executing CEditMain::RecalcLayout: 0.0000
[2019/07/12, 19:46]: Executing CEditMain::RecalcLayout: 0.0000
[2019/07/12, 19:46]: Executing CEditMain::RecalcLayout: 0.0000
[2019/07/12, 19:46]: Executing CEditMain::RecalcLayout: 0.0000
[2019/07/12, 19:46]: Executing CEditMain::RecalcLayout: 0.0000
[2019/07/12, 19:46]: Executing CEditMain::RecalcLayout: 0.0000
[2019/07/12, 19:46]: Executing CEditMain::RecalcLayout: 0.0000
[2019/07/12, 19:46]: Executing CEditMain::RecalcLayout: 0.0000
[2019/07/12, 19:46]: Executing CEditMain::RecalcLayout: 0.0000
[2019/07/12, 19:46]: Executing CEditMain::RecalcLayout: 0.0000
[2019/07/12, 19:46]: Executing CEditMain::RecalcLayout: 0.0000
[2019/07/12, 19:46]: Executing CEditMain::RecalcLayout