[2019/08/15, 11:25]: Detoured Scrollbars: 0.0000
[2019/08/15, 11:25]: Template Initialization: 0.0000
[2019/08/15, 11:25]: Initialize Common Controls: 0.0000
[2019/08/15, 11:25]: GdiPlus Startup: 0.0000
[2019/08/15, 11:25]: CBCGPEditListBox Initialization: 0.0160
[2019/08/15, 11:25]: Load Language Resources: 0.0000
[2019/08/15, 11:25]: Load INI File: 0.0000
[2019/08/15, 11:25]: Shell Integration Initialization: 0.0000
[2019/08/15, 11:25]: CEditFrame Initialization: 0.0000
[2019/08/15, 11:25]: ueView Initialization: 0.0160
[2019/08/15, 11:25]: Create CEditMain: 0.0000
[2019/08/15, 11:25]: Load Key Table: 0.0150
[2019/08/15, 11:25]: Executing CEditMain::OnGetMinMaxInfo: 0.0000
[2019/08/15, 11:25]: Executing CEditMain::RecalcLayout: 0.0000
[2019/08/15, 11:25]: Executing CEditMain::RecalcLayout: 0.0000
[2019/08/15, 11:25]: Executing CBCGPMDIFrameWnd::OnCreate: 0.0160
[2019/08/15, 11:25]: Executing CXeScrollbar::ClassInit: 0.0000
[2019/08/15, 11:25]: Executing CFTPInstancd::ClassInit: 0.0000
[2019/08/15, 11:25]: Create and setup application menubar: 0.0000
[2019/08/15, 11:25]: Executing CEditMain::RecalcLayout: 0.0000
[2019/08/15, 11:25]: Executing CEditMain::OnGetMinMaxInfo: 0.0000
[2019/08/15, 11:25]: Executing CEditMain::RecalcLayout: 0.0000
[2019/08/15, 11:25]: Executing CEditMain::OnGetMinMaxInfo: 0.0000
[2019/08/15, 11:25]: Executing CEditMain::RecalcLayout: 0.0000
[2019/08/15, 11:25]: Executing CEditMain::OnApplicationLook: 0.0150
[2019/08/15, 11:25]: Moving Templates: 0.0000
[2019/08/15, 11:25]: Block 1: 0.0000
[2019/08/15, 11:25]: Loading Wordfiles: 0.0780
[2019/08/15, 11:25]: Block 2: 0.0000
[2019/08/15, 11:25]: Executing CEditMain::InitFTP: 0.0000
[2019/08/15, 11:25]: Block 3: 0.0000
[2019/08/15, 11:25]: Executing CEditMain::UpdateColTable: 0.0000
[2019/08/15, 11:25]: Creating statusbar: 0.0000
[2019/08/15, 11:25]: Creating Main Window Tool Tip: 0.0000
[2019/08/15, 11:25]: Creating Main Window Tool Tip: 0.0000
[2019/08/15, 11:25]: Executing CEditMain::UpdateRibbonToolNamesAndIcons: 0.0000
[2019/08/15, 11:25]: Executing CEditMain::UserToolInit: 0.0000
[2019/08/15, 11:25]: Block 4: 0.0000
[2019/08/15, 11:25]: Executing CEditMain::SetToolbarIcons: 0.0630
[2019/08/15, 11:25]: Creating ImageLists: 0.0930
[2019/08/15, 11:25]: Executing CEditMain::EnableDocking: 0.0000
[2019/08/15, 11:25]: Executing CEditMain::UpdateToolsIcons: 0.0000
[2019/08/15, 11:25]: Executing CEditMain::UpdateHTMLIcons: 0.0000
[2019/08/15, 11:25]: Block A: 0.0000
[2019/08/15, 11:25]: Block B: 0.0000
[2019/08/15, 11:25]: Executing CEditMain::RecalcLayout: 0.0000
[2019/08/15, 11:25]: Block C: 0.0320
[2019/08/15, 11:25]: Block D: 0.0000
[2019/08/15, 11:25]: Block E: 0.0000
[2019/08/15, 11:25]: Block F: 0.0000
[2019/08/15, 11:25]: Block I: 0.0780
[2019/08/15, 11:25]: Executing CEditMain::RecalcLayout: 0.0160
[2019/08/15, 11:25]: Executing CEditMain::RecalcLayout: 0.0160
[2019/08/15, 11:25]: Block J: 0.0160
[2019/08/15, 11:25]: Executing CEditMain::SetToolbarIcons: 0.0000
[2019/08/15, 11:25]: Executing CEditMain::RecalcLayout: 0.0000
[2019/08/15, 11:25]: Executing CEditMain::RecalcLayout: 0.0000
[2019/08/15, 11:25]: Executing CEditMain::RecalcLayout: 0.0000
[2019/08/15, 11:25]: Executing CEditMain::RecalcLayout: 0.0000
[2019/08/15, 11:25]: Executing CEditMain::RecalcLayout: 0.0000
[2019/08/15, 11:25]: Executing CEditMain::RecalcLayout: 0.0000
[2019/08/15, 11:25]: Executing CEditMain::RecalcLayout: 0.0000
[2019/08/15, 11:25]: Executing CEditMain::RecalcLayout: 0.0000
[2019/08/15, 11:25]: Executing CEditMain::RecalcLayout: 0.0000
[2019/08/15, 11:25]: Executing CEditMain::RecalcLayout: 0.0000
[2019/08/15, 11:25]: Executing CEditMain::RecalcLayout: 0.0000
[2019/08/15, 11:25]: Executing CEditMain::RecalcLayout: 0.0000
[2019/08/15, 11:25]: Executing CEditMain::RecalcLayout: 0.0000
[2019/08/15, 11:25]: Executing CEditMain::RecalcLayout: 0.0000
[2019/08/15, 11:25]: Executing CEditMain::RecalcLayout: 0.0000
[2019/08/15, 11:25]: Executing CEditMain::RecalcLayout: 0.0000
[2019/08/15, 11:25]: Executing CEditMain::RecalcLayout: 0.0000
[2019/08/15, 11:25]: Executing CEditMain::RecalcLayout: 0.0000
[2019/08/15, 11:25]: Executing CEditMain::RecalcLayout: 0.0000
[2019/08/15, 11:25]: Executing CEditMain::RecalcLayout: 0.0000
[2019/08/15, 11:25]: Executing CEditMain::RecalcLayout: 0.0000
[2019/08/15, 11:25]: Executing CEditMain::RecalcLayout: 0.0000
[2019/08/15, 11:25]: Executing CEditMain::RecalcLayout: 0.0000
[2019/08/15, 11:25]: Executing CEditMain::RecalcLayout: 0.0000
[2019/08/15, 11:25]: Executing CEditMain::RecalcLayout: 0.0000
[2019/08/15, 11:25]: Executing CEditMain::RecalcLayout: 0.0000
[2019/08/15, 11:25]: Block K: 0.0620
[2019/08/15, 11:25]: Block M: 0.0000
[2019/08/15, 11:25]: Block N: 0.0000
[2019/08/15, 11:25]: Executing CEditMain::LoadRibbonBars: 0.2500
[2019/08/15, 11:25]: Executing CEditMain::UpdateRibbonToolNamesAndIcons: 0.0000
[2019/08/15, 11:25]: Block 5: 0.0160
[2019/08/15, 11:25]: Executing CEditMain::FinalInitialization: 0.0000
[2019/08/15, 11:25]: Block 6: 0.0000
[2019/08/15, 11:25]: Executing CEditMain::RecalcLayout: 0.0000
[2019/08/15, 11:25]: Executing CEditMain::RecalcLayout: 0.0000
[2019/08/15, 11:25]: Executing CEditMain::RecalcLayout: 0.0000
[2019/08/15, 11:25]: Executing CEditMain::RecalcLayout: 0.0000
[2019/08/15, 11:25]: Executing CEditMain::RecalcLayout: 0.0000
[2019/08/15, 11:25]: Executing CEditMain::RecalcLayout: 0.0000
[2019/08/15, 11:25]: Executing CEditMain::RecalcLayout: 0.0000
[2019/08/15, 11:25]: Creating Project Frame: 0.0460
[2019/08/15, 11:25]: Creating MDI File Tabs: 0.0000
[2019/08/15, 11:25]: Executing Function 1: 0.0000
[2019/08/15, 11:25]: Executing Function 1: 0.0000
[2019/08/15, 11:25]: Executing Function 1: 0.0000
[2019/08/15, 11:25]: Creating Output Window: 0.0320
[2019/08/15, 11:25]: Creating Function List: 0.0150
[2019/08/15, 11:25]: Creating Bookmark List: 0.0000
[2019/08/15, 11:25]: Creating Tag List: 0.0160
[2019/08/15, 11:25]: Creating Macro List: 0.0000
[2019/08/15, 11:25]: Creating Template List: 0.0000
[2019/08/15, 11:25]: Clipboard List: 0.0000
[2019/08/15, 11:25]: Creating ASCII Table: 0.0310
[2019/08/15, 11:25]: Creating Script List: 0.0000
[2019/08/15, 11:25]: Creating Telnet/SSH Window: 0.0000
[2019/08/15, 11:25]: Creating XML Manager: 0.0160
[2019/08/15, 11:25]: Creating List Lines Window: 0.0160
[2019/08/15, 11:25]: Executing CEditMain::InitializeFindOptions: 0.0150
[2019/08/15, 11:25]: Executing CEditMain::InitializeDockableFindWnd: 0.0000
[2019/08/15, 11:25]: Creating Panes: 0.2020
[2019/08/15, 11:25]: Block 7: 0.0320
[2019/08/15, 11:25]: Enabling Docking and Showing Panes: 0.0150
[2019/08/15, 11:25]: Block 8: 0.0000
[2019/08/15, 11:25]: Block 9: 0.0000
[2019/08/15, 11:25]: Executing CEditMain::DelayedInitialization: 0.0310
[2019/08/15, 11:25]: Block 9: 0.0000
[2019/08/15, 11:25]: Executing CEditMain::OnCreateSecondary: 0.7800
[2019/08/15, 11:25]: Docking menubar: 0.0000
[2019/08/15, 11:25]: Executing ues1set message: 0.0000
[2019/08/15, 11:25]: Executing CMFCVisualManagerIDMCustom::GetThemeList: 0.0000
[2019/08/15, 11:25]: Executing CMFCVisualManagerIDMCustom::LoadTheme: 0.0160
[2019/08/15, 11:25]: Executing CMFCVisualManagerIDMCustom::LoadTheme: 0.0160
[2019/08/15, 11:25]: Executing CEditMain::RecalcLayout: 0.0000
[2019/08/15, 11:25]: Executing CEditMain::RecalcLayout: 0.0000
[2019/08/15, 11:25]: Executing CEditMain::RecalcLayout: 0.0000
[2019/08/15, 11:25]: Executing CEditMain::RecalcLayout: 0.0000
[2019/08/15, 11:25]: Executing CEditMain::RecalcLayout: 0.0000
[2019/08/15, 11:25]: Executing CEditMain::RecalcLayout: 0.0000
[2019/08/15, 11:25]: Executing CEditMain::RecalcLayout: 0.0000
[2019/08/15, 11:25]: Executing CEditMain::RecalcLayout: 0.0000
[2019/08/15, 11:25]: Executing CEditMain::RecalcLayout: 0.0000
[2019/08/15, 11:25]: Executing CEditMain::RecalcLayout: 0.0000
[2019/08/15, 11:25]: Executing CEditMain::RecalcLayout: 0.0000
[2019/08/15, 11:25]: Executing CEditMain::RecalcLayout: 0.0000
[2019/08/15, 11:25]: Executing CEditMain::RecalcLayout: 0.0000
[2019/08/15, 11:25]: Executing CEditMain::RecalcLayout: 0.0000
[2019/08/15, 11:25]: Executing CEditMain::RecalcLayout: 0.0000
[2019/08/15, 11:25]: Executing CEditMain::RecalcLayout: 0.0000
[2019/08/15, 11:25]: Executing CEditMain::RecalcLayout: 0.0000
[2019/08/15, 11:25]: Executing CEditMain::RecalcLayout: 0.0000
[2019/08/15, 11:25]: Executing CEditMain::RecalcLayout: 0.0000
[2019/08/15, 11:25]: Executing CEditMain::RecalcLayout: 0.0000
[2019/08/15, 11:25]: Executing CEditMain::RecalcLayout: 0.0000
[2019/08/15, 11:25]: Executing CEditMain::RecalcLayout: 0.0000
[2019/08/15, 11:25]: Executing CEditMain::RecalcLayout: 0.0000
[2019/08/15, 11:25]: Executing CEditMain::RecalcLayout: 0.0000
[2019/08/15, 11:25]: Executing CEditMain::RecalcLayout: 0.0000
[2019/08/15, 11:25]: Executing CEditMain::RecalcLayout: 0.0000
[2019/08/15, 11:25]: Executing CEditMain::RecalcLayout: 0.0000
[2019/08/15, 11:25]: Executing CEditMain::RecalcLayout: 0.0150
[2019/08/15, 11:25]: Executing CEditMain::RecalcLayout: 0.0000
[2019/08/15, 11:25]: Executing CEditMain::RecalcLayout: 0.0000
[2019/08/15, 11:25]: Executing CEditMain::RecalcLayout: 0.0000
[2019/08/15, 11:25]: Executing CEditMain::RecalcLayout: 0.0000
[2019/08/15, 11:25]: Executing CEditMain::RecalcLayout: 0.0000
[2019/08/15, 11:25]: Executing CEditMain::RecalcLayout: 0.0000
[2019/08/15, 11:25]: Executing CEditMain::RecalcLayout: 0.0000
[2019/08/15, 11:25]: Executing CEditMain::RecalcLayout: 0.0000
[2019/08/15, 11:25]: Executing CEditMain::RecalcLayout: 0.0000
[2019/08/15, 11:25]: Executing CEditMain::RecalcLayout: 0.0000
[2019/08/15, 11:25]: Executing CEditMain::RecalcLayout: 0.0000
[2019/08/15, 11:25]: Executing CEditMain::RecalcLayout: 0.0000
[2019/08/15, 11:25]: Executing CEditMain::RecalcLayout: 0.0000
[2019/08/15, 11:25]: Executing CEditMain::RecalcLayout: 0.0000
[2019/08/15, 11:25]: Executing CEditMain::RecalcLayout: 0.0000
[2019/08/15, 11:25]: Executing CEditMain::RecalcLayout: 0.0000
[2019/08/15, 11:25]: Executing CEditMain::RecalcLayout: 0.0000
[2019/08/15, 11:25]: Executing CEditMain::RecalcLayout: 0.0000
[2019/08/15, 11:25]: Executing CEditMain::RecalcLayout: 0.0000
[2019/08/15, 11:25]: Executing CEditMain::RecalcLayout: 0.0000
[2019/08/15, 11:25]: Executing CEditMain::RecalcLayout: 0.0000
[2019/08/15, 11:25]: Executing CEditMain::OnApplicationLook: 0.4050
[2019/08/15, 11:25]: Executing CEditMain::ApplyTheme: 0.4520
[2019/08/15, 11:25]: Initializing themes: 0.4680
[2019/08/15, 11:25]: Executing CEditMain::OnCreate: 1.2790
[2019/08/15, 11:25]: Initializing Main Frame Window (CEditMain): 1.2790
[2019/08/15, 11:25]: SoftwareKey Initialization: 0.0320
[2019/08/15, 11:25]: Block A: 0.0000
[2019/08/15, 11:25]: Block B: 0.0000
[2019/08/15, 11:25]: Block C: 0.0000
[2019/08/15, 11:25]: Executing CEditMain::OnGetMinMaxInfo: 0.0000
[2019/08/15, 11:25]: Executing CEditMain::RecalcLayout: 0.0000
[2019/08/15, 11:25]: Executing CEditMain::OnGetMinMaxInfo: 0.0000
[2019/08/15, 11:25]: Executing CEditMain::OnGetMinMaxInfo: 0.0000
[2019/08/15, 11:25]: Executing CEditMain::RecalcLayout: 0.0000
[2019/08/15, 11:25]: Executing CEditMain::RecalcLayout: 0.0000
[2019/08/15, 11:25]: Executing CEditMain::RecalcLayout: 0.0000
[2019/08/15, 11:25]: Executing CEditMain::RecalcLayout: 0.0000
[2019/08/15, 11:25]: Executing CEditMain::RecalcLayout: 0.0000
[2019/08/15, 11:25]: Executing CEditMain::RecalcLayout: 0.0000
[2019/08/15, 11:25]: Executing CEditMain::RecalcLayout: 0.0150
[2019/08/15, 11:25]: Executing CEditMain::RecalcLayout: 0.0000
[2019/08/15, 11:25]: Executing CEditMain::RecalcLayout: 0.0000
[2019/08/15, 11:25]: Executing CEditMain::RecalcLayout: 0.0000
[2019/08/15, 11:25]: Executing CEditMain::RecalcLayout: 0.0000
[2019/08/15, 11:25]: Executing CEditMain::RecalcLayout: 0.0000
[2019/08/15, 11:25]: Executing CEditMain::RecalcLayout: 0.0000
[2019/08/15, 11:25]: Executing CEditMain::RecalcLayout: 0.0000
[2019/08/15, 11:25]: Executing CEditMain::SetWindowPlacement: 0.3270
[2019/08/15, 11:25]: Block D: 0.0000
[2019/08/15, 11:25]: Executing LDS phase 1: 0.0000
[2019/08/15, 11:25]: Executing CEditMain::RecalcLayout: 0.0000
[2019/08/15, 11:25]: Executing CEditMain::RecalcLayout: 0.0000
[2019/08/15, 11:25]: Executing CEditMain::RecalcLayout: 0.0000
[2019/08/15, 11:25]: Executing CEditMain::RecalcLayout: 0.0000
[2019/08/15, 11:25]: Executing CEditMain::RecalcLayout: 0.0000
[2019/08/15, 11:25]: Executing CEditMain::RecalcLayout: 0.0000
[2019/08/15, 11:25]: Executing CEditMain::RecalcLayout: 0.0160
[2019/08/15, 11:25]: Executing CEditMain::RecalcLayout: 0.0000
[2019/08/15, 11:25]: Executing CEditMain::RecalcLayout: 0.0000
[2019/08/15, 11:25]: Executing CEditMain::RecalcLayout: 0.0000
[2019/08/15, 11:25]: Executing CEditMain::RecalcLayout: 0.0000
[2019/08/15, 11:25]: Executing CEditMain::RecalcLayout: 0.0000
[2019/08/15, 11:25]: Executing CEditMain::RecalcLayout: 0.0000
[2019/08/15, 11:25]: Executing CEditMain::RecalcLayout: 0.0000
[2019/08/15, 11:25]: Executing CEditMain::RecalcLayout: 0.0000
[2019/08/15, 11:25]: Executing CEditMain::RecalcLayout: 0.0000
[2019/08/15, 11:25]: Executing CEditMain::RecalcLayout: 0.0000
[2019/08/15, 11:25]: Executing CEditMain::RecalcLayout: 0.0000
[2019/08/15, 11:25]: Executing CEditMain::RecalcLayout: 0.0000
[2019/08/15, 11:25]: Executing CEditMain::RecalcLayout: 0.0000
[2019/08/15, 11:25]: Executing CEditMain::RecalcLayout: 0.0000
[2019/08/15, 11:25]: Executing CEditMain::RecalcLayout: 0.0000
[2019/08/15, 11:25]: Executing CEditMain::RecalcLayout: 0.0000
[2019/08/15, 11:25]: Executing CEditMain::RecalcLayout: 0.0000
[2019/08/15, 11:25]: Executing CEditMain::RecalcLayout: 0.0000
[2019/08/15, 11:25]: Executing CEditMain::RecalcLayout: 0.0000
[2019/08/15, 11:25]: Executing CEditMain::RecalcLayout: 0.0000
[2019/08/15, 11:25]: Executing CEditMain::RecalcLayout: 0.0000
[2019/08/15, 11:25]: Executing CEditMain::RecalcLayout: 0.0000
[2019/08/15, 11:25]: Executing CEditMain::RecalcLayout: 0.0000
[2019/08/15, 11:25]: Executing CEditMain::RecalcLayout: 0.0000
[2019/08/15, 11:25]: Executing CEditMain::RecalcLayout: 0.0000
[2019/08/15, 11:25]: Executing CEditMain::RecalcLayout: 0.0000
[2019/08/15, 11:25]: Executing CEditMain::RecalcLayout: 0.0000
[2019/08/15, 11:25]: Executing CEditMain::RecalcLayout: 0.0000
[2019/08/15, 11:25]: Executing CEditMan::LoadToolBarState: 0.0780
[2019/08/15, 11:25]: Executing CEditMain::RecalcLayout: 0.0000
[2019/08/15, 11:25]: Executing CEditMain::RecalcLayout: 0.0000
[2019/08/15, 11:25]: Executing CEditMain::RecalcLayout: 0.0000
[2019/08/15, 11:25]: Executing CEditMain::RecalcLayout: 0.0000
[2019/08/15, 11:25]: Executing CEditMain::RecalcLayout: 0.0000
[2019/08/15, 11:25]: Executing CEditMain::RecalcLayout: 0.0000
[2019/08/15, 11:25]: Executing CEditMain::RecalcLayout: 0.0000
[2019/08/15, 11:25]: Executing CEditMain::LoadMenuBarState: 0.0000
[2019/08/15, 11:25]: Executing CBCGPDockManager::LoadState: 0.0160
[2019/08/15, 11:25]: Executing LDS phase 2: 0.0940
[2019/08/15, 11:25]: Block A: 0.0000
[2019/08/15, 11:25]: Block B: 0.0000
[2019/08/15, 11:25]: Block C: 0.0000
[2019/08/15, 11:25]: Block D: 0.0000
[2019/08/15, 11:25]: Block E: 0.0000
[2019/08/15, 11:25]: Block F: 0.0000
[2019/08/15, 11:25]: Block G: 0.0000
[2019/08/15, 11:25]: Block H: 0.0780
[2019/08/15, 11:25]: Block I: 0.0000
[2019/08/15, 11:25]: Block J: 0.0940
[2019/08/15, 11:25]: Block K: 0.0160
[2019/08/15, 11:25]: Block L: 0.0000
[2019/08/15, 11:25]: Block M: 0.0000
[2019/08/15, 11:25]: Block N: 0.0000
[2019/08/15, 11:25]: Block O: 0.0000
[2019/08/15, 11:25]: Executing CEditMain::RecalcLayout: 0.0000
[2019/08/15, 11:25]: Executing CEditMain::RecalcLayout: 0.0000
[2019/08/15, 11:25]: Executing CEditMain::RecalcLayout: 0.0000
[2019/08/15, 11:25]: Executing CEditMain::RecalcLayout: 0.0000
[2019/08/15, 11:25]: Executing CEditMain::RecalcLayout: 0.0000
[2019/08/15, 11:25]: Executing CEditMain::RecalcLayout: 0.0000
[2019/08/15, 11:25]: Block P: 0.0000
[2019/08/15, 11:25]: Executing CBCGPDockManager::SetDockState: 0.2030
[2019/08/15, 11:25]: Executing CEditMain::RecalcLayout: 0.0000
[2019/08/15, 11:25]: Executing CEditMain::RecalcLayout: 0.0000
[2019/08/15, 11:25]: Executing CEditMain::RecalcLayout: 0.0000
[2019/08/15, 11:25]: Executing CEditMain::RecalcLayout: 0.0000
[2019/08/15, 11:25]: Executing CEditMain::RecalcLayout: 0.0000
[2019/08/15, 11:25]: Executing CEditMain::RecalcLayout: 0.0000
[2019/08/15, 11:25]: Executing CEditMain::RecalcLayout: 0.0000
[2019/08/15, 11:25]: Executing LDS phase 3: 0.2180
[2019/08/15, 11:25]: Executing CEditMain::RecalcLayout: 0.0000
[2019/08/15, 11:25]: Executing CEditMain::RecalcLayout: 0.0000
[2019/08/15, 11:25]: Executing CEditMain::RecalcLayout: 0.0000
[2019/08/15, 11:25]: Executing CEditMain::RecalcLayout: 0.0000
[2019/08/15, 11:25]: Executing CEditMain::RecalcLayout: 0.0000
[2019/08/15, 11:25]: Executing CEditMain::RecalcLayout: 0.0000
[2019/08/15, 11:25]: Executing CEditMain::RecalcLayout: 0.0000
[2019/08/15, 11:25]: Executing CEditMain::RecalcLayout: 0.0000
[2019/08/15, 11:25]: Executing CEditMain::RecalcLayout: 0.0000
[2019/08/15, 11:25]: Executing CEditMain::RecalcLayout: 0.0000
[2019/08/15, 11:25]: Executing CEditMain::RecalcLayout: 0.0000
[2019/08/15, 11:25]: Executing CEditMain::RecalcLayout: 0.0000
[2019/08/15, 11:25]: Executing CEditMain::RecalcLayout: 0.0000
[2019/08/15, 11:25]: Executing CEditMain::RecalcLayout: 0.0000
[2019/08/15, 11:25]: Executing LDS phase 4: 0.0000
[2019/08/15, 11:25]: Executing LDS phase 5: 0.3120
[2019/08/15, 11:25]: Executing CEditMain::RecalcLayout: 0.0000
[2019/08/15, 11:25]: Executing CEditMain::RecalcLayout: 0.0000
[2019/08/15, 11:25]: Executing CEditMain::RecalcLayout: 0.0000
[2019/08/15, 11:25]: Executing CEditMain::RecalcLayout: 0.0000
[2019/08/15, 11:25]: Executing CEditMain::RecalcLayout: 0.0000
[2019/08/15, 11:25]: Executing CEditMain::RecalcLayout: 0.0000
[2019/08/15, 11:25]: Executing CEditMain::RecalcLayout: 0.0150
[2019/08/15, 11:25]: Executing LDS phase 6: 0.0000
[2019/08/15, 11:25]: Executing CEditMain::LoadDockState: 0.3430
[2019/08/15, 11:25]: Executing CEditMain::RecalcLayout: 0.0000
[2019/08/15, 11:25]: Executing CEditMain::RecalcLayout: 0.0000
[2019/08/15, 11:25]: Executing CEditMain::RecalcLayout: 0.0000
[2019/08/15, 11:25]: Executing CEditMain::RecalcLayout: 0.0000
[2019/08/15, 11:25]: Executing CEditMain::RecalcLayout: 0.0000
[2019/08/15, 11:25]: Executing CEditMain::RecalcLayout: 0.0000
[2019/08/15, 11:25]: Executing CEditMain::RecalcLayout: 0.0160
[2019/08/15, 11:25]: Executing CEditMain::OnGetMinMaxInfo: 0.0000
[2019/08/15, 11:25]: Executing CEditMain::RecalcLayout: 0.0000
[2019/08/15, 11:25]: Executing CEditMain::RecalcLayout: 0.0000
[2019/08/15, 11:25]: Executing CEditMain::RecalcLayout: 0.0000
[2019/08/15, 11:25]: Executing CEditMain::RecalcLayout: 0.0000
[2019/08/15, 11:25]: Executing CEditMain::RecalcLayout: 0.0000
[2019/08/15, 11:25]: Executing CEditMain::RecalcLayout: 0.0000
[2019/08/15, 11:25]: Executing CEditMain::RecalcLayout: 0.0000
[2019/08/15, 11:25]: Executing CEditMain::RecalcLayout: 0.0000
[2019/08/15, 11:25]: Executing CEditMain::RecalcLayout: 0.0000
[2019/08/15, 11:25]: Executing CEditMain::RecalcLayout: 0.0000
[2019/08/15, 11:25]: Executing CEditMain::RecalcLayout: 0.0000
[2019/08/15, 11:25]: Executing CEditMain::RecalcLayout: 0.0000
[2019/08/15, 11:25]: Executing CEditMain::RecalcLayout: 0.0000
[2019/08/15, 11:25]: Executing CEditMain::RecalcLayout: 0.0000
[2019/08/15, 11:25]: Executing CEditMain::OnGetMinMaxInfo: 0.0000
[2019/08/15, 11:25]: Block E: 0.3900
[2019/08/15, 11:25]: Executing CEditMain::InitialShowWindow: 0.7170
[2019/08/15, 11:25]: Executing CEditMain::RecalcLayout: 0.0000
[2019/08/15, 11:25]: Executing CEditMain::RecalcLayout: 0.0000
[2019/08/15, 11:25]: Executing CEditMain::RecalcLayout: 0.0000
[2019/08/15, 11:25]: Executing CEditMain::RecalcLayout: 0.0000
[2019/08/15, 11:25]: Executing CEditMain::RecalcLayout: 0.0000
[2019/08/15, 11:25]: Executing CEditMain::RecalcLayout: 0.0000
[2019/08/15, 11:25]: Executing CEditMain::RecalcLayout: 0.0000
[2019/08/15, 11:25]: Forcing Window Update: 0.0000
[2019/08/15, 11:25]: Recently Closed Files List: 0.0000
[2019/08/15, 11:25]: Unknown startup item: 0.0000
[2019/08/15, 11:25]: Restoring Toolbar Layout: 0.0000
[2019/08/15, 11:25]: Executing CUESMultiDocTemplate::CreateNewDocument: 0.0000
[2019/08/15, 11:25]: Block 1: 0.0000
[2019/08/15, 11:25]: Excecuting CMDILazyFrame::GetIconWndClass: 0.0000
[2019/08/15, 11:25]: Executing CEditMain::RecalcLayout: 0.0000
[2019/08/15, 11:25]: Executing CEditMain::RecalcLayout: 0.0000
[2019/08/15, 11:25]: Executing CEditMain::RecalcLayout: 0.0000
[2019/08/15, 11:25]: Executing CEditMain::RecalcLayout: 0.0000
[2019/08/15, 11:25]: Executing CEditMain::RecalcLayout: 0.0000
[2019/08/15, 11:25]: Executing CEditMain::RecalcLayout: 0.0000
[2019/08/15, 11:25]: Executing CEditMain::RecalcLayout: 0.0000
[2019/08/15, 11:25]: Block 1: 0.0000
[2019/08/15, 11:25]: Executing CMDILazyView::CMDILazyView: 0.0000
[2019/08/15, 11:25]: Executing ueView::PreCreateWindow: 0.0000
[2019/08/15, 11:25]: Executing CEditFrame::OnUpdateFrameTitle: 0.0000
[2019/08/15, 11:25]: Executing CDocument::UpdateFrameCounts: 0.0000
[2019/08/15, 11:25]: Executing ueView::OnCreate: 0.0160
[2019/08/15, 11:25]: Block 8: 0.0160
[2019/08/15, 11:25]: Executing Function 2: 0.0000
[2019/08/15, 11:25]: Excecuting CUESplitter::CreateView: 0.0160
[2019/08/15, 11:25]: Excecuting CUESplitter::Create: 0.0160
[2019/08/15, 11:25]: Excecuting CEditFrame::OnCreateClient: 0.0160
[2019/08/15, 11:25]: Block 6: 0.0160
[2019/08/15, 11:25]: Block 7: 0.0000
[2019/08/15, 11:25]: Excecuting CMDILazyFrame::OnCreate: 0.0160
[2019/08/15, 11:25]: Block 2: 0.0160
[2019/08/15, 11:25]: Excecuting CMDILazyFrame::Create: 0.0310
[2019/08/15, 11:25]: Excecuting CMDILazyFrame::LoadFrame: 0.0310
[2019/08/15, 11:25]: Executing CUESMultiDocTemplate::CreateNewFrame: 0.0310
[2019/08/15, 11:25]: Executing CEditFrame::OnUpdateFrameTitle: 0.0000
[2019/08/15, 11:25]: Executing CDocument::UpdateFrameCounts: 0.0000
[2019/08/15, 11:25]: Executing Function 4: 0.0160
[2019/08/15, 11:25]: Executing CEditFrame::OnUpdateFrameTitle: 0.0000
[2019/08/15, 11:25]: Executing CDocument::UpdateFrameCounts: 0.0000
[2019/08/15, 11:25]: Executing CDocument::OnOpenDocument: 0.0470
[2019/08/15, 11:25]: Executing CEditFrame::OnUpdateFrameTitle: 0.0000
[2019/08/15, 11:25]: Executing CDocument::UpdateFrameCounts: 0.0000
[2019/08/15, 11:25]: Executing CEditMain::UpdateOpenWindowText: 0.0000
[2019/08/15, 11:25]: Executing CEditFrame::OnUpdateFrameTitle: 0.0000
[2019/08/15, 11:25]: Executing Function 2: 0.0000
[2019/08/15, 11:25]: Excecuting CMDILazyFrame::OnMDIActivate: 0.0150
[2019/08/15, 11:25]: Executing CEditFrame::OnUpdateFrameTitle: 0.0000
[2019/08/15, 11:25]: Executing CDocument::UpdateFrameCounts: 0.0000
[2019/08/15, 11:25]: Executing CEditFrame::OnUpdateFrameTitle: 0.0000
[2019/08/15, 11:25]: Executing CEditMain::RecalcLayout: 0.0000
[2019/08/15, 11:25]: Executing CEditMain::RecalcLayout: 0.0000
[2019/08/15, 11:25]: Executing CEditMain::RecalcLayout: 0.0000
[2019/08/15, 11:25]: Executing CEditMain::RecalcLayout: 0.0000
[2019/08/15, 11:25]: Executing CEditMain::RecalcLayout: 0.0000
[2019/08/15, 11:25]: Executing CEditMain::RecalcLayout: 0.0000
[2019/08/15, 11:25]: Executing CEditMain::RecalcLayout: 0.0000
[2019/08/15, 11:25]: Executing CUESMultiDocTemplate::OpenDocumentFile: 0.1710
[2019/08/15, 11:25]: Block 5: 0.1710
[2019/08/15, 11:25]: Executing Function 1: 0.0000
[2019/08/15, 11:25]: OpenFile 6: 0.1710
[2019/08/15, 11:25]: OpenFile 5: 0.0000
[2019/08/15, 11:25]: OpenFile 3: 0.0160
[2019/08/15, 11:25]: Executing CEditMain::QodBlock: 0.0000
[2019/08/15, 11:25]: Executing CEditMain::OnOpenDocQod: 0.0000
[2019/08/15, 11:25]: OpenFile 2: 0.0000
[2019/08/15, 11:25]: OpenFile 1: 0.0000
[2019/08/15, 11:25]: Executing CEditMain::RecalcLayout: 0.0000
[2019/08/15, 11:25]: Executing CEditMain::RecalcLayout: 0.0000
[2019/08/15, 11:25]: Executing CEditMain::RecalcLayout: 0.0000
[2019/08/15, 11:25]: Executing CEditMain::RecalcLayout: 0.0000
[2019/08/15, 11:25]: Executing CEditMain::RecalcLayout: 0.0000
[2019/08/15, 11:25]: Executing CEditMain::RecalcLayout: 0.0000
[2019/08/15, 11:25]: Executing CEditMain::RecalcLayout: 0.0000
[2019/08/15, 11:25]: Executing CEditMain::UpdateOpenWindowText: 0.0000
[2019/08/15, 11:25]: Executing CEditMain::QodBlock: 0.0150
[2019/08/15, 11:25]: Executing CEditMain::OnOpenDocQod: 0.0460
[2019/08/15, 11:25]: Executing Function 1: 0.0000
[2019/08/15, 11:25]: Executing Function 3: 0.0000
[2019/08/15, 11:25]: OpenFile 5: 0.0000
[2019/08/15, 11:25]: Executing Function 2: 0.0000
[2019/08/15, 11:25]: OpenFile 7: 0.0000
[2019/08/15, 11:25]: OpenFile 8: 0.0000
[2019/08/15, 11:25]: OpenFile 4: 0.0460
[2019/08/15, 11:25]: Executing CEditApp::LoadFiles: 0.0620
[2019/08/15, 11:25]: Executing Function 1: 0.0000
[2019/08/15, 11:25]: OpenFile 6: 0.0470
[2019/08/15, 11:25]: Closing INI: 0.0320
[2019/08/15, 11:25]: Show Document Map: 0.0000
[2019/08/15, 11:25]: Application Initialization: 2.5120
[2019/08/15, 11:27]: Executing CEditFrame::OnUpdateFrameTitle: 0.0000
[2019/08/15, 11:27]: Excecuting CMDILazyFrame::OnMDIActivate: 0.0000
[2019/08/15, 11:27]: Executing CDocument::UpdateFrameCounts: 0.0000
[2019/08/15, 11:35]: Child Windows = 0
[2019/08/15, 13:01]: Executing CEditMain::OnGetMinMaxInfo: 0.0000
[2019/08/15, 13:18]: Executing CEditMain::OnGetMinMaxInfo: 0.0000
[2019/08/15, 13:18]: Executing CEditMain::OnGetMinMaxInfo: 0.0000
[2019/08/15, 13:18]: Executing CEditMain::RecalcLayout: 0.0000
[2019/08/15, 13:18]: Executing CEditMain::RecalcLayout: 0.0000
[2019/08/15, 13:18]: Executing CEditMain::RecalcLayout: 0.0000
[2019/08/15, 13:18]: Executing CEditMain::RecalcLayout: 0.0000
[2019/08/15, 13:18]: Executing CEditMain::RecalcLayout: 0.0000
[2019/08/15, 13:18]: Executing CEditMain::RecalcLayout: 0.0000
[2019/08/15, 13:18]: Executing CEditMain::RecalcLayout: 0.0000
[2019/08/15, 13:18]: Executing CEditMain::RecalcLayout: 0.0000
[2019/08/15, 13:18]: Executing CEditMain::RecalcLayout: 0.0000
[2019/08/15, 13:18]: Executing CEditMain::RecalcLayout: 0.0000
[2019/08/15, 13:18]: Executing CEditMain::RecalcLayout: 0.0000
[2019/08/15, 13:18]: Executing CEditMain::RecalcLayout: 0.0000
[2019/08/15, 13:18]: Executing CEditMain::RecalcLayout: 0.0000
[2019/08/15, 13:18]: Executing CEditMain::RecalcLayout: 0.0000
[2019/08/15, 13:18]: Executing CEditMain::RecalcLayout: 0.0000
[2019/08/15, 13:18]: Executing CEditMain::RecalcLayout: 0.0000
[2019/08/15, 13:18]: Executing CEditMain::RecalcLayout: 0.0000
[2019/08/15, 13:18]: Executing CEditMain::RecalcLayout: 0.0000
[2019/08/15, 13:18]: Executing CEditMain::RecalcLayout: 0.0000
[2019/08/15, 13:18]: Executing CEditMain::RecalcLayout: 0.0000
[2019/08/15, 13:18]: Executing CEditMain::RecalcLayout: 0.0000
[2019/08/15, 13:18]: Executing CEditMain::OnGetMinMaxInfo: 0.0000
[2019/08/15, 13:19]: Executing CEditMain::OnGetMinMaxInfo: 0.0000
[2019/08/15, 13:19]: Executing CEditMain::OnGetMinMaxInfo: 0.0000
[2019/08/15, 13:19]: Executing CEditMain::RecalcLayout: 0.0000
[2019/08/15, 13:19]: Executing CEditMain::RecalcLayout: 0.0000
[2019/08/15, 13:19]: Executing CEditMain::RecalcLayout: 0.0000
[2019/08/15, 13:19]: Executing CEditMain::RecalcLayout: 0.0000
[2019/08/15, 13:19]: Executing CEditMain::RecalcLayout: 0.0000
[2019/08/15, 13:19]: Executing CEditMain::RecalcLayout: 0.0000
[2019/08/15, 13:19]: Executing CEditMain::RecalcLayout: 0.0000
[2019/08/15, 13:19]: Executing CEditMain::RecalcLayout: 0.0000
[2019/08/15, 13:19]: Executing CEditMain::RecalcLayout: 0.0000
[2019/08/15, 13:19]: Executing CEditMain::RecalcLayout: 0.0000
[2019/08/15, 13:19]: Executing CEditMain::RecalcLayout: 0.0000
[2019/08/15, 13:19]: Executing CEditMain::RecalcLayout: 0.0000
[2019/08/15, 13:19]: Executing CEditMain::RecalcLayout: 0.0000
[2019/08/15, 13:19]: Executing CEditMain::RecalcLayout: 0.0000
[2019/08/15, 13:19]: Executing CEditMain::RecalcLayout: 0.0000
[2019/08/15, 13:19]: Executing CEditMain::RecalcLayout: 0.0000
[2019/08/15, 13:19]: Executing CEditMain::RecalcLayout: 0.0000
[2019/08/15, 13:19]: Executing CEditMain::RecalcLayout: 0.0000
[2019/08/15, 13:19]: Executing CEditMain::RecalcLayout: 0.0000
[2019/08/15, 13:19]: Executing CEditMain::RecalcLayout: 0.0000
[2019/08/15, 13:19]: Executing CEditMain::RecalcLayout: 0.0000
[2019/08/15, 13:19]: Executing CEditMain::OnGetMinMaxInfo: 0.0000
[2019/08/15, 13:19]: Executing CEditMain::OnGetMinMaxInfo: 0.0000
[2019/08/15, 13:19]: Executing CEditMain::OnGetMinMaxInfo: 0.0000
[2019/08/15, 13:19]: Executing CEditMain::RecalcLayout: 0.0000
[2019/08/15, 13:19]: Executing CEditMain::RecalcLayout: 0.0000
[2019/08/15, 13:19]: Executing CEditMain::RecalcLayout: 0.0000
[2019/08/15, 13:19]: Executing CEditMain::RecalcLayout: 0.0000
[2019/08/15, 13:19]: Executing CEditMain::RecalcLayout: 0.0000
[2019/08/15, 13:19]: Executing CEditMain::RecalcLayout: 0.0000
[2019/08/15, 13:19]: Executing CEditMain::RecalcLayout: 0.0000
[2019/08/15, 13:19]: Executing CEditMain::RecalcLayout: 0.0000
[2019/08/15, 13:19]: Executing CEditMain::RecalcLayout: 0.0000
[2019/08/15, 13:19]: Executing CEditMain::RecalcLayout: 0.0000
[2019/08/15, 13:19]: Executing CEditMain::RecalcLayout: 0.0000
[2019/08/15, 13:19]: Executing CEditMain::RecalcLayout: 0.0000
[2019/08/15, 13:19]: Executing CEditMain::RecalcLayout: 0.0000
[2019/08/15, 13:19]: Executing CEditMain::RecalcLayout: 0.0000
[2019/08/15, 13:19]: Executing CEditMain::RecalcLayout: 0.0000
[2019/08/15, 13:19]: Executing CEditMain::RecalcLayout: 0.0000
[2019/08/15, 13:19]: Executing CEditMain::RecalcLayout: 0.0000
[2019/08/15, 13:19]: Executing CEditMain::RecalcLayout: 0.0000
[2019/08/15, 13:19]: Executing CEditMain::RecalcLayout: 0.0000
[2019/08/15, 13:19]: Executing CEditMain::RecalcLayout: 0.0000
[2019/08/15, 13:19]: Executing CEditMain::RecalcLayout: 0.0000
[2019/08/15, 13:19]: Executing CEditMain::OnGetMinMaxInfo: 0.0000
[2019/08/15, 13:23]: Executing CEditMain::OnGetMinMaxInfo: 0.0000
[2019/08/15, 13:23]: Executing CEditMain::OnGetMinMaxInfo: 0.0000
[2019/08/15, 13:23]: Executing CEditMain::RecalcLayout: 0.0000
[2019/08/15, 13:23]: Executing CEditMain::RecalcLayout: 0.0000
[2019/08/15, 13:23]: Executing CEditMain::RecalcLayout: 0.0000
[2019/08/15, 13:23]: Executing CEditMain::RecalcLayout: 0.0000
[2019/08/15, 13:23]: Executing CEditMain::RecalcLayout: 0.0000
[2019/08/15, 13:23]: Executing CEditMain::RecalcLayout: 0.0000
[2019/08/15, 13:23]: Executing CEditMain::RecalcLayout: 0.0000
[2019/08/15, 13:23]: Executing CEditMain::RecalcLayout: 0.0000
[2019/08/15, 13:23]: Executing CEditMain::RecalcLayout: 0.0000
[2019/08/15, 13:23]: Executing CEditMain::RecalcLayout: 0.0000
[2019/08/15, 13:23]: Executing CEditMain::RecalcLayout: 0.0000
[2019/08/15, 13:23]: Executing CEditMain::RecalcLayout: 0.0000
[2019/08/15, 13:23]: Executing CEditMain::RecalcLayout: 0.0000
[2019/08/15, 13:23]: Executing CEditMain::RecalcLayout: 0.0000
[2019/08/15, 13:23]: Executing CEditMain::RecalcLayout: 0.0000
[2019/08/15, 13:23]: Executing CEditMain::RecalcLayout: 0.0000
[2019/08/15, 13:23]: Executing CEditMain::RecalcLayout: 0.0000
[2019/08/15, 13:23]: Executing CEditMain::RecalcLayout: 0.0000
[2019/08/15, 13:23]: Executing CEditMain::RecalcLayout: 0.0000
[2019/08/15, 13:23]: Executing CEditMain::RecalcLayout: 0.0000
[2019/08/15, 13:23]: Executing CEditMain::RecalcLayout: 0.0000
[2019/08/15, 13:23]: Executing CEditMain::OnGetMinMaxInfo: 0.0000
[2019/08/15, 13:27]: Executing CEditMain::OnGetMinMaxInfo: 0.0000
[2019/08/15, 13:27]: Executing CEditMain::OnGetMinMaxInfo: 0.0000
[2019/08/15, 13:27]: Executing CEditMain::RecalcLayout: 0.0000
[2019/08/15, 13:27]: Executing CEditMain::RecalcLayout: 0.0000
[2019/08/15, 13:27]: Executing CEditMain::RecalcLayout: 0.0000
[2019/08/15, 13:27]: Executing CEditMain::RecalcLayout: 0.0000
[2019/08/15, 13:27]: Executing CEditMain::RecalcLayout: 0.0000
[2019/08/15, 13:27]: Executing CEditMain::RecalcLayout: 0.0000
[2019/08/15, 13:27]: Executing CEditMain::RecalcLayout: 0.0000
[2019/08/15, 13:27]: Executing CEditMain::RecalcLayout: 0.0000
[2019/08/15, 13:27]: Executing CEditMain::RecalcLayout: 0.0000
[2019/08/15, 13:27]: Executing CEditMain::RecalcLayout: 0.0000
[2019/08/15, 13:27]: Executing CEditMain::RecalcLayout: 0.0000
[2019/08/15, 13:27]: Executing CEditMain::RecalcLayout: 0.0000
[2019/08/15, 13:27]: Executing CEditMain::RecalcLayout: 0.0000
[2019/08/15, 13:27]: Executing CEditMain::RecalcLayout: 0.0000
[2019/08/15, 13:27]: Executing CEditMain::RecalcLayout: 0.0000
[2019/08/15, 13:27]: Executing CEditMain::RecalcLayout: 0.0000
[2019/08/15, 13:27]: Executing CEditMain::RecalcLayout: 0.0000
[2019/08/15, 13:27]: Executing CEditMain::RecalcLayout: 0.0000
[2019/08/15, 13:27]: Executing CEditMain::RecalcLayout: 0.0000
[2019/08/15, 13:27]: Executing CEditMain::RecalcLayout: 0.0000
[2019/08/15, 13:27]: Executing CEditMain::RecalcLayout: 0.0000
[2019/08/15, 13:27]: Executing CEditMain::OnGetMinMaxInfo: 0.0000
[2019/08/15, 14:46]: Executing CEditMain::OnGetMinMaxInfo: 0.0000
[2019/08/15, 14:46]: Executing CEditMain::OnGetMinMaxInfo: 0.0000
[2019/08/15, 14:46]: Executing CEditMain::RecalcLayout: 0.0000
[2019/08/15, 14:46]: Executing CEditMain::RecalcLayout: 0.0000
[2019/08/15, 14:46]: Executing CEditMain::RecalcLayout: 0.0000
[2019/08/15, 14:46]: Executing CEditMain::RecalcLayout: 0.0000
[2019/08/15, 14:46]: Executing CEditMain::RecalcLayout: 0.0000
[2019/08/15, 14:46]: Executing CEditMain::RecalcLayout: 0.0000
[2019/08/15, 14:46]: Executing CEditMain::RecalcLayout: 0.0000
[2019/08/15, 14:46]: Executing CEditMain::RecalcLayout: 0.0000
[2019/08/15, 14:46]: Executing CEditMain::RecalcLayout: 0.0000
[2019/08/15, 14:46]: Executing CEditMain::RecalcLayout: 0.0000
[2019/08/15, 14:46]: Executing CEditMain::RecalcLayout: 0.0000
[2019/08/15, 14:46]: Executing CEditMain::RecalcLayout: 0.0000
[2019/08/15, 14:46]: Executing CEditMain::RecalcLayout: 0.0000
[2019/08/15, 14:46]: Executing CEditMain::RecalcLayout: 0.0000
[2019/08/15, 14:46]: Executing CEditMain::RecalcLayout: 0.0000
[2019/08/15, 14:46]: Executing CEditMain::RecalcLayout: 0.0000
[2019/08/15, 14:46]: Executing CEditMain::RecalcLayout: 0.0000
[2019/08/15, 14:46]: Executing CEditMain::RecalcLayout: 0.0000
[2019/08/15, 14:46]: Executing CEditMain::RecalcLayout: 0.0000
[2019/08/15, 14:46]: Executing CEditMain::RecalcLayout: 0.0000
[2019/08/15, 14:46]: Executing CEditMain::RecalcLayout: 0.0160
[2019/08/15, 14:46]: Child Windows = 0
[2019/08/15, 14:46]: Executing CEditMain::RecalcLayout: 0.0000
[2019/08/15, 14:46]: Executing CEditMain::RecalcLayout: 0.0000
[2019/08/15, 14:46]: Executing CEditMain::RecalcLayout: 0.0000
[2019/08/15, 14:46]: Executing CEditMain::RecalcLayout: 0.0000
[2019/08/15, 14:46]: Executing CEditMain::RecalcLayout: 0.0000
[2019/08/15, 14:46]: Executing CEditMain::RecalcLayout: 0.0000
[2019/08/15, 14:46]: Executing CEditMain::RecalcLayout: 0.0000
[2019/08/15, 14:46]: Executing CEditMain::RecalcLayout: 0.0000
[2019/08/15, 14:46]: Executing CEditMain::RecalcLayout: 0.0000
[2019/08/15, 14:46]: Executing CEditMain::RecalcLayout: 0.0000
[2019/08/15, 14:46]: Executing CEditMain::RecalcLayout: 0.0000
[2019/08/15, 14:46]: Executing CEditMain::RecalcLayout: 0.0000
[2019/08/15, 14:46]: Executing CEditMain::RecalcLayout: 0.0000
[2019/08/15, 14:46]: Executing CEditMain::RecalcLayout: 0.0000
[2019/08/15, 14:46]: Executing CEditMain::RecalcLayout: 0.0000
[2019/08/15, 14:46]: Executing CEditMain::RecalcLayout: 0.0000
[2019/08/15, 14:46]: Executing CEditMain::RecalcLayout: 0.0000
[2019/08/15, 14:46]: Executing CEditMain::RecalcLayout: 0.0000
[2019/08/15, 14:46]: Executing CEditMain::RecalcLayout: 0.0000
[2019/08/15, 14:46]: Executing CEditMain::RecalcLayout: 0.0000
[2019/08/15, 14:46]: Executing CEditMain::RecalcLayout: 0.0000
[2019/08/15, 14:46]: Executing CEditMain::RecalcLayout: 0.0000
[2019/08/15, 14:46]: Executing CEditMain::RecalcLayout: 0.0000
[2019/08/15, 14:46]: Executing CEditMain::RecalcLayout: 0.0000
[2019/08/15, 14:46]: Executing CEditMain::RecalcLayout: 0.0000
[2019/08/15, 14:46]: Executing CEditMain::RecalcLayout: 0.0000
[2019/08/15, 14:46]: Executing CEditMain::RecalcLayout: 0.0000
[2019/08/15, 14:46]: Executing CEditMain::RecalcLayout: 0.0000
