---------------------------------------
Resource Usage Report for trigger_active 

Mapping to part: xc7a100tfgg484-2
Cell usage:
FD              3 uses
LUT3            1 use
LUT6            1 use

I/O ports: 9
I/O primitives: 9
IBUF           7 uses
IBUFG          1 use
OBUF           1 use

BUFG           1 use

I/O Register bits:                  0
Register bits not including I/Os:   3 (0%)

Global Clock Buffers: 1 of 32 (3%)


Mapping Summary:
Total  LUTs: 2 (0%)

Distribution of All Consumed LUTs = LUT3 + LUT6 
Distribution of All Consumed Luts 2 = 1 + 1 


 Number of unique control sets:              1

