#-----------------------------------------------------------
# Vivado v2018.1 (64-bit)
# SW Build 2188600 on Wed Apr  4 18:40:38 MDT 2018
# IP Build 2185939 on Wed Apr  4 20:55:05 MDT 2018
# Start of session at: Thu Jan 24 16:43:24 2019
# Process ID: 12300
# Current directory: c:/ue/vivado
# Command line: vivado.exe -mode tcl -source synthesis.tcl
# Log file: c:/ue/vivado/vivado.log
# Journal file: c:/ue/vivado\vivado.jou
#-----------------------------------------------------------
source synthesis.tcl
# read_verilog      F:/linear_lut.v
# read_xdc src/template.xdc
# synth_design -top linear_lut -part xc7a100tfgg484-2
Command: synth_design -top linear_lut -part xc7a100tfgg484-2
Starting synth_design
Attempting to get a license for feature 'Synthesis' and/or device 'xc7a100t'
INFO: [Common 17-349] Got license for feature 'Synthesis' and/or device 'xc7a100t'
INFO: Launching helper process for spawning children vivado processes
INFO: Helper process launched with PID 13288 
---------------------------------------------------------------------------------
Starting RTL Elaboration : Time (s): cpu = 00:00:09 ; elapsed = 00:00:09 . Memory (MB): peak = 416.195 ; gain = 101.301
---------------------------------------------------------------------------------
INFO: [Synth 8-6157] synthesizing module 'linear_lut' [F:/linear_lut.v:29]
	Parameter DATA_PIX_WIDTH bound to: 12 - type: integer 
	Parameter CHANNEL_NUM bound to: 2 - type: integer 
	Parameter MICROB_ADDR_WD bound to: 9 - type: integer 
	Parameter MICROB_DATA_WD bound to: 8 - type: integer 
	Parameter LUT_OUTDATA_WD bound to: 8 - type: integer 
ERROR: [Synth 8-439] module 'look_up_table0' not found [F:/linear_lut.v:109]
ERROR: [Synth 8-196] conditional expression could not be resolved to a constant [F:/linear_lut.v:103]
ERROR: [Synth 8-6156] failed synthesizing module 'linear_lut' [F:/linear_lut.v:29]
---------------------------------------------------------------------------------
Finished RTL Elaboration : Time (s): cpu = 00:00:10 ; elapsed = 00:00:10 . Memory (MB): peak = 466.473 ; gain = 151.578
---------------------------------------------------------------------------------
RTL Elaboration failed
INFO: [Common 17-83] Releasing license: Synthesis
3 Infos, 0 Warnings, 0 Critical Warnings and 4 Errors encountered.
synth_design failed
ERROR: [Common 17-69] Command failed: Synthesis failed - please see the console or run log file for details
INFO: [Common 17-206] Exiting Vivado at Thu Jan 24 16:43:46 2019...
