#-----------------------------------------------------------
# Vivado v2018.1 (64-bit)
# SW Build 2188600 on Wed Apr  4 18:40:38 MDT 2018
# IP Build 2185939 on Wed Apr  4 20:55:05 MDT 2018
# Start of session at: Tue Jan 29 11:09:15 2019
# Process ID: 6560
# Current directory: c:/ue/vivado
# Command line: vivado.exe -mode tcl -source synthesis.tcl
# Log file: c:/ue/vivado/vivado.log
# Journal file: c:/ue/vivado\vivado.jou
#-----------------------------------------------------------
source synthesis.tcl
# read_verilog      f:/DAHENG/hw_mars/branches/xinghaitao/mars_platform/develop_stage/fpga_test/001_full_20190108/src/gige_vision/test.v
# read_xdc src/template.xdc
# synth_design -top test -part xc7a100tfgg484-2
Command: synth_design -top test -part xc7a100tfgg484-2
Starting synth_design
Attempting to get a license for feature 'Synthesis' and/or device 'xc7a100t'
INFO: [Common 17-349] Got license for feature 'Synthesis' and/or device 'xc7a100t'
INFO: Launching helper process for spawning children vivado processes
INFO: Helper process launched with PID 9140 
---------------------------------------------------------------------------------
Starting RTL Elaboration : Time (s): cpu = 00:00:09 ; elapsed = 00:00:10 . Memory (MB): peak = 416.160 ; gain = 100.609
---------------------------------------------------------------------------------
INFO: [Synth 8-6157] synthesizing module 'test' [f:/DAHENG/hw_mars/branches/xinghaitao/mars_platform/develop_stage/fpga_test/001_full_20190108/src/gige_vision/test.v:29]
	Parameter MAC_BE_WD bound to: 8 - type: integer 
	Parameter REG_WD bound to: 32 - type: integer 
ERROR: [Synth 8-660] unable to resolve 'log2' [f:/DAHENG/hw_mars/branches/xinghaitao/mars_platform/develop_stage/fpga_test/001_full_20190108/src/gige_vision/test.v:61]
ERROR: [Synth 8-6156] failed synthesizing module 'test' [f:/DAHENG/hw_mars/branches/xinghaitao/mars_platform/develop_stage/fpga_test/001_full_20190108/src/gige_vision/test.v:29]
---------------------------------------------------------------------------------
Finished RTL Elaboration : Time (s): cpu = 00:00:10 ; elapsed = 00:00:11 . Memory (MB): peak = 466.547 ; gain = 150.996
---------------------------------------------------------------------------------
RTL Elaboration failed
INFO: [Common 17-83] Releasing license: Synthesis
3 Infos, 0 Warnings, 0 Critical Warnings and 3 Errors encountered.
synth_design failed
ERROR: [Common 17-69] Command failed: Synthesis failed - please see the console or run log file for details
INFO: [Common 17-206] Exiting Vivado at Tue Jan 29 11:09:51 2019...
