#-----------------------------------------------------------
# Vivado v2018.1 (64-bit)
# SW Build 2188600 on Wed Apr  4 18:40:38 MDT 2018
# IP Build 2185939 on Wed Apr  4 20:55:05 MDT 2018
# Start of session at: Tue Jan 29 11:15:18 2019
# Process ID: 8924
# Current directory: c:/ue/vivado
# Command line: vivado.exe -mode tcl -source synthesis.tcl
# Log file: c:/ue/vivado/vivado.log
# Journal file: c:/ue/vivado\vivado.jou
#-----------------------------------------------------------
source synthesis.tcl
# read_verilog      F:/DAHENG/hw_mars/branches/xinghaitao/mars_platform/develop_stage/fpga_test/001_full_20190108/src/gige_vision/test1.v
# read_xdc src/template.xdc
# synth_design -top test1 -part xc7a100tfgg484-2
Command: synth_design -top test1 -part xc7a100tfgg484-2
Starting synth_design
Attempting to get a license for feature 'Synthesis' and/or device 'xc7a100t'
INFO: [Common 17-349] Got license for feature 'Synthesis' and/or device 'xc7a100t'
INFO: Launching helper process for spawning children vivado processes
INFO: Helper process launched with PID 9184 
---------------------------------------------------------------------------------
Starting RTL Elaboration : Time (s): cpu = 00:00:09 ; elapsed = 00:00:09 . Memory (MB): peak = 416.273 ; gain = 100.645
---------------------------------------------------------------------------------
ERROR: [Synth 8-439] module 'test1' not found
---------------------------------------------------------------------------------
Finished RTL Elaboration : Time (s): cpu = 00:00:10 ; elapsed = 00:00:10 . Memory (MB): peak = 466.766 ; gain = 151.137
---------------------------------------------------------------------------------
RTL Elaboration failed
INFO: [Common 17-83] Releasing license: Synthesis
2 Infos, 0 Warnings, 0 Critical Warnings and 2 Errors encountered.
synth_design failed
ERROR: [Common 17-69] Command failed: Synthesis failed - please see the console or run log file for details
INFO: [Common 17-206] Exiting Vivado at Tue Jan 29 11:15:39 2019...
